2026-06-25 23:35:09 [main] INFO  c.cloudprice.compute.IndexComputer - Index computation complete: 2 overall, 4 category, 4 sku indices, 4 top movers
2026-06-25 23:35:09 [main] WARN  c.cloudprice.compute.IndexComputer - No SKU summaries to compute indices
2026-06-25 23:35:09 [main] WARN  c.cloudprice.compute.IndexComputer - No SKU summaries to compute indices
2026-06-25 23:35:09 [main] INFO  c.cloudprice.compute.IndexComputer - Index computation complete: 2 overall, 2 category, 2 sku indices, 0 top movers
2026-06-25 23:40:24 [main] INFO  com.cloudprice.util.LoggerConfig - Logger initialized
2026-06-25 23:40:24 [main] INFO  c.cloudprice.CloudPriceApplication - ========================================
2026-06-25 23:40:24 [main] INFO  c.cloudprice.CloudPriceApplication -   Cloud Price Index - Starting...
2026-06-25 23:40:24 [main] INFO  c.cloudprice.CloudPriceApplication - ========================================
2026-06-25 23:40:24 [main] INFO  c.cloudprice.CloudPriceApplication - Config loaded: project=cloud-price-index, skuCount=2000, dirtyRate=0.02
2026-06-25 23:40:24 [main] INFO  c.cloudprice.CloudPriceApplication - Date range: 2026-06-01 to 2026-06-01
2026-06-25 23:40:24 [main] INFO  com.cloudprice.storage.OssClient - OSS is disabled, data will be saved locally only
2026-06-25 23:40:24 [main] INFO  c.cloudprice.CloudPriceApplication - --- ODS Layer: Generating raw data ---
2026-06-25 23:40:24 [main] INFO  c.c.ingestion.MockDataGenerator - Injected 139 dirty records (rate=0.02)
2026-06-25 23:40:24 [main] INFO  c.c.ingestion.MockDataGenerator - Generated 7028 raw records from 2026-06-01 to 2026-06-01
2026-06-25 23:40:24 [main] INFO  com.cloudprice.storage.LocalStorage - Wrote CSV: data\ods\product_price_raw.csv (7029 lines)
2026-06-25 23:40:24 [main] INFO  c.cloudprice.CloudPriceApplication - Saved 7028 raw records to ODS layer
2026-06-25 23:40:24 [main] INFO  c.cloudprice.CloudPriceApplication - --- DWD Layer: Cleaning data ---
2026-06-25 23:40:24 [main] INFO  com.cloudprice.compute.DataCleaner - Cleaning complete: 7028 raw -> 6888 clean (removed 140)
2026-06-25 23:40:24 [main] INFO  com.cloudprice.storage.LocalStorage - Wrote CSV: data\dwd\product_price_clean.csv (6889 lines)
2026-06-25 23:40:24 [main] INFO  c.cloudprice.CloudPriceApplication - Saved 6888 clean records to DWD layer
2026-06-25 23:40:24 [main] INFO  c.cloudprice.CloudPriceApplication - --- DWS Layer: Aggregating data ---
2026-06-25 23:40:24 [main] INFO  c.cloudprice.compute.DataAggregator - Aggregation complete: 2000 sku summaries, 8 category summaries, 1 overall summaries
2026-06-25 23:40:24 [main] INFO  com.cloudprice.storage.LocalStorage - Wrote CSV: data\dws\sku_daily_summary.csv (2001 lines)
2026-06-25 23:40:24 [main] INFO  c.cloudprice.CloudPriceApplication - Saved 2000 SKU summaries
2026-06-25 23:40:24 [main] INFO  com.cloudprice.storage.LocalStorage - Wrote CSV: data\dws\category_daily_summary.csv (9 lines)
2026-06-25 23:40:24 [main] INFO  c.cloudprice.CloudPriceApplication - Saved 8 category summaries
2026-06-25 23:40:24 [main] INFO  com.cloudprice.storage.LocalStorage - Wrote CSV: data\dws\overall_daily_summary.csv (2 lines)
2026-06-25 23:40:24 [main] INFO  c.cloudprice.CloudPriceApplication - Saved 1 overall summaries
2026-06-25 23:40:24 [main] INFO  c.cloudprice.CloudPriceApplication - --- ADS Layer: Computing price indices ---
2026-06-25 23:40:24 [main] INFO  c.cloudprice.compute.IndexComputer - Index computation complete: 1 overall, 8 category, 2000 sku indices, 20 top movers
2026-06-25 23:40:25 [main] INFO  com.cloudprice.storage.LocalStorage - Wrote JSON: data\ads\overall_index.json
2026-06-25 23:40:25 [main] INFO  com.cloudprice.storage.LocalStorage - Wrote JSON: data\ads\category_index.json
2026-06-25 23:40:25 [main] INFO  com.cloudprice.storage.LocalStorage - Wrote JSON: data\ads\sku_index.json
2026-06-25 23:40:25 [main] INFO  com.cloudprice.storage.LocalStorage - Wrote JSON: data\ads\top_movers.json
2026-06-25 23:40:25 [main] INFO  c.cloudprice.report.ReportGenerator - Generated daily report with 1 entries
2026-06-25 23:40:25 [main] INFO  com.cloudprice.storage.LocalStorage - Wrote JSON: data\ads\daily_report.json
2026-06-25 23:40:25 [main] INFO  c.cloudprice.CloudPriceApplication - Saved ADS layer: overall_index, category_index, sku_index, top_movers, daily_report
2026-06-25 23:40:25 [main] INFO  c.cloudprice.CloudPriceApplication - ========================================
2026-06-25 23:40:25 [main] INFO  c.cloudprice.CloudPriceApplication -   Cloud Price Index - Completed!
2026-06-25 23:40:25 [main] INFO  c.cloudprice.CloudPriceApplication -   ODS: 7028 raw records
2026-06-25 23:40:25 [main] INFO  c.cloudprice.CloudPriceApplication -   DWD: 6888 clean records
2026-06-25 23:40:25 [main] INFO  c.cloudprice.CloudPriceApplication -   DWS: 2000 sku, 8 category, 1 overall summaries
2026-06-25 23:40:25 [main] INFO  c.cloudprice.CloudPriceApplication -   ADS: 1 overall indices, 8 category indices, 2000 sku indices
2026-06-25 23:40:25 [main] INFO  c.cloudprice.CloudPriceApplication - ========================================
2026-06-25 23:42:42 [main] INFO  com.cloudprice.util.LoggerConfig - Logger initialized
2026-06-25 23:42:42 [main] INFO  c.cloudprice.CloudPriceApplication - ========================================
2026-06-25 23:42:42 [main] INFO  c.cloudprice.CloudPriceApplication -   Cloud Price Index - Starting...
2026-06-25 23:42:42 [main] INFO  c.cloudprice.CloudPriceApplication - ========================================
2026-06-25 23:42:42 [main] INFO  c.cloudprice.CloudPriceApplication - Config loaded: project=cloud-price-index, skuCount=2000, dirtyRate=0.02
2026-06-25 23:42:42 [main] INFO  c.cloudprice.CloudPriceApplication - Date range: 2026-06-01 to 2026-06-30
2026-06-25 23:42:42 [main] INFO  com.cloudprice.storage.OssClient - OSS is disabled, data will be saved locally only
2026-06-25 23:42:42 [main] INFO  c.cloudprice.CloudPriceApplication - --- ODS Layer: Generating raw data ---
2026-06-25 23:42:42 [main] INFO  c.c.ingestion.MockDataGenerator - Injected 138 dirty records (rate=0.02)
2026-06-25 23:42:42 [main] INFO  c.c.ingestion.MockDataGenerator - Injected 140 dirty records (rate=0.02)
2026-06-25 23:42:42 [main] INFO  c.c.ingestion.MockDataGenerator - Injected 139 dirty records (rate=0.02)
2026-06-25 23:42:42 [main] INFO  c.c.ingestion.MockDataGenerator - Injected 139 dirty records (rate=0.02)
2026-06-25 23:42:42 [main] INFO  c.c.ingestion.MockDataGenerator - Injected 141 dirty records (rate=0.02)
2026-06-25 23:42:42 [main] INFO  c.c.ingestion.MockDataGenerator - Injected 138 dirty records (rate=0.02)
2026-06-25 23:42:42 [main] INFO  c.c.ingestion.MockDataGenerator - Injected 138 dirty records (rate=0.02)
2026-06-25 23:42:42 [main] INFO  c.c.ingestion.MockDataGenerator - Injected 139 dirty records (rate=0.02)
2026-06-25 23:42:42 [main] INFO  c.c.ingestion.MockDataGenerator - Injected 141 dirty records (rate=0.02)
2026-06-25 23:42:42 [main] INFO  c.c.ingestion.MockDataGenerator - Injected 138 dirty records (rate=0.02)
2026-06-25 23:42:42 [main] INFO  c.c.ingestion.MockDataGenerator - Injected 139 dirty records (rate=0.02)
2026-06-25 23:42:42 [main] INFO  c.c.ingestion.MockDataGenerator - Injected 140 dirty records (rate=0.02)
2026-06-25 23:42:42 [main] INFO  c.c.ingestion.MockDataGenerator - Injected 141 dirty records (rate=0.02)
2026-06-25 23:42:42 [main] INFO  c.c.ingestion.MockDataGenerator - Injected 140 dirty records (rate=0.02)
2026-06-25 23:42:42 [main] INFO  c.c.ingestion.MockDataGenerator - Injected 138 dirty records (rate=0.02)
2026-06-25 23:42:42 [main] INFO  c.c.ingestion.MockDataGenerator - Injected 141 dirty records (rate=0.02)
2026-06-25 23:42:42 [main] INFO  c.c.ingestion.MockDataGenerator - Injected 139 dirty records (rate=0.02)
2026-06-25 23:42:42 [main] INFO  c.c.ingestion.MockDataGenerator - Injected 140 dirty records (rate=0.02)
2026-06-25 23:42:42 [main] INFO  c.c.ingestion.MockDataGenerator - Injected 142 dirty records (rate=0.02)
2026-06-25 23:42:42 [main] INFO  c.c.ingestion.MockDataGenerator - Injected 139 dirty records (rate=0.02)
2026-06-25 23:42:42 [main] INFO  c.c.ingestion.MockDataGenerator - Injected 138 dirty records (rate=0.02)
2026-06-25 23:42:42 [main] INFO  c.c.ingestion.MockDataGenerator - Injected 141 dirty records (rate=0.02)
2026-06-25 23:42:42 [main] INFO  c.c.ingestion.MockDataGenerator - Injected 140 dirty records (rate=0.02)
2026-06-25 23:42:42 [main] INFO  c.c.ingestion.MockDataGenerator - Injected 141 dirty records (rate=0.02)
2026-06-25 23:42:42 [main] INFO  c.c.ingestion.MockDataGenerator - Injected 138 dirty records (rate=0.02)
2026-06-25 23:42:42 [main] INFO  c.c.ingestion.MockDataGenerator - Injected 138 dirty records (rate=0.02)
2026-06-25 23:42:42 [main] INFO  c.c.ingestion.MockDataGenerator - Injected 139 dirty records (rate=0.02)
2026-06-25 23:42:42 [main] INFO  c.c.ingestion.MockDataGenerator - Injected 139 dirty records (rate=0.02)
2026-06-25 23:42:42 [main] INFO  c.c.ingestion.MockDataGenerator - Injected 140 dirty records (rate=0.02)
2026-06-25 23:42:42 [main] INFO  c.c.ingestion.MockDataGenerator - Injected 140 dirty records (rate=0.02)
2026-06-25 23:42:42 [main] INFO  c.c.ingestion.MockDataGenerator - Generated 210857 raw records from 2026-06-01 to 2026-06-30
2026-06-25 23:42:42 [main] INFO  com.cloudprice.storage.LocalStorage - Wrote CSV: data\ods\product_price_raw.csv (7035 lines)
2026-06-25 23:42:42 [main] INFO  com.cloudprice.storage.LocalStorage - Wrote CSV: data\ods\product_price_raw.csv (7096 lines)
2026-06-25 23:42:42 [main] INFO  com.cloudprice.storage.LocalStorage - Wrote CSV: data\ods\product_price_raw.csv (7026 lines)
2026-06-25 23:42:42 [main] INFO  com.cloudprice.storage.LocalStorage - Wrote CSV: data\ods\product_price_raw.csv (7012 lines)
2026-06-25 23:42:42 [main] INFO  com.cloudprice.storage.LocalStorage - Wrote CSV: data\ods\product_price_raw.csv (6972 lines)
2026-06-25 23:42:43 [main] INFO  com.cloudprice.storage.LocalStorage - Wrote CSV: data\ods\product_price_raw.csv (7047 lines)
2026-06-25 23:42:43 [main] INFO  com.cloudprice.storage.LocalStorage - Wrote CSV: data\ods\product_price_raw.csv (7085 lines)
2026-06-25 23:42:43 [main] INFO  com.cloudprice.storage.LocalStorage - Wrote CSV: data\ods\product_price_raw.csv (7021 lines)
2026-06-25 23:42:43 [main] INFO  com.cloudprice.storage.LocalStorage - Wrote CSV: data\ods\product_price_raw.csv (7032 lines)
2026-06-25 23:42:43 [main] INFO  com.cloudprice.storage.LocalStorage - Wrote CSV: data\ods\product_price_raw.csv (6961 lines)
2026-06-25 23:42:43 [main] INFO  com.cloudprice.storage.LocalStorage - Wrote CSV: data\ods\product_price_raw.csv (7017 lines)
2026-06-25 23:42:43 [main] INFO  com.cloudprice.storage.LocalStorage - Wrote CSV: data\ods\product_price_raw.csv (6974 lines)
2026-06-25 23:42:43 [main] INFO  com.cloudprice.storage.LocalStorage - Wrote CSV: data\ods\product_price_raw.csv (7027 lines)
2026-06-25 23:42:43 [main] INFO  com.cloudprice.storage.LocalStorage - Wrote CSV: data\ods\product_price_raw.csv (7126 lines)
2026-06-25 23:42:43 [main] INFO  com.cloudprice.storage.LocalStorage - Wrote CSV: data\ods\product_price_raw.csv (6951 lines)
2026-06-25 23:42:43 [main] INFO  com.cloudprice.storage.LocalStorage - Wrote CSV: data\ods\product_price_raw.csv (7003 lines)
2026-06-25 23:42:43 [main] INFO  com.cloudprice.storage.LocalStorage - Wrote CSV: data\ods\product_price_raw.csv (6974 lines)
2026-06-25 23:42:43 [main] INFO  com.cloudprice.storage.LocalStorage - Wrote CSV: data\ods\product_price_raw.csv (6995 lines)
2026-06-25 23:42:43 [main] INFO  com.cloudprice.storage.LocalStorage - Wrote CSV: data\ods\product_price_raw.csv (7100 lines)
2026-06-25 23:42:43 [main] INFO  com.cloudprice.storage.LocalStorage - Wrote CSV: data\ods\product_price_raw.csv (7070 lines)
2026-06-25 23:42:43 [main] INFO  com.cloudprice.storage.LocalStorage - Wrote CSV: data\ods\product_price_raw.csv (7060 lines)
2026-06-25 23:42:43 [main] INFO  com.cloudprice.storage.LocalStorage - Wrote CSV: data\ods\product_price_raw.csv (6958 lines)
2026-06-25 23:42:43 [main] INFO  com.cloudprice.storage.LocalStorage - Wrote CSV: data\ods\product_price_raw.csv (7123 lines)
2026-06-25 23:42:43 [main] INFO  com.cloudprice.storage.LocalStorage - Wrote CSV: data\ods\product_price_raw.csv (6960 lines)
2026-06-25 23:42:43 [main] INFO  com.cloudprice.storage.LocalStorage - Wrote CSV: data\ods\product_price_raw.csv (6996 lines)
2026-06-25 23:42:43 [main] INFO  com.cloudprice.storage.LocalStorage - Wrote CSV: data\ods\product_price_raw.csv (7133 lines)
2026-06-25 23:42:43 [main] INFO  com.cloudprice.storage.LocalStorage - Wrote CSV: data\ods\product_price_raw.csv (7048 lines)
2026-06-25 23:42:43 [main] INFO  com.cloudprice.storage.LocalStorage - Wrote CSV: data\ods\product_price_raw.csv (7018 lines)
2026-06-25 23:42:43 [main] INFO  com.cloudprice.storage.LocalStorage - Wrote CSV: data\ods\product_price_raw.csv (7098 lines)
2026-06-25 23:42:43 [main] INFO  com.cloudprice.storage.LocalStorage - Wrote CSV: data\ods\product_price_raw.csv (6969 lines)
2026-06-25 23:42:43 [main] INFO  c.cloudprice.CloudPriceApplication - Saved 210857 raw records to ODS layer
2026-06-25 23:42:43 [main] INFO  c.cloudprice.CloudPriceApplication - --- DWD Layer: Cleaning data ---
2026-06-25 23:42:43 [main] INFO  com.cloudprice.compute.DataCleaner - Cleaning complete: 210857 raw -> 199883 clean (removed 10974)
2026-06-25 23:42:43 [main] INFO  com.cloudprice.storage.LocalStorage - Wrote CSV: data\dwd\product_price_clean.csv (6647 lines)
2026-06-25 23:42:43 [main] INFO  com.cloudprice.storage.LocalStorage - Wrote CSV: data\dwd\product_price_clean.csv (6633 lines)
2026-06-25 23:42:43 [main] INFO  com.cloudprice.storage.LocalStorage - Wrote CSV: data\dwd\product_price_clean.csv (6766 lines)
2026-06-25 23:42:43 [main] INFO  com.cloudprice.storage.LocalStorage - Wrote CSV: data\dwd\product_price_clean.csv (6602 lines)
2026-06-25 23:42:43 [main] INFO  com.cloudprice.storage.LocalStorage - Wrote CSV: data\dwd\product_price_clean.csv (6715 lines)
2026-06-25 23:42:43 [main] INFO  com.cloudprice.storage.LocalStorage - Wrote CSV: data\dwd\product_price_clean.csv (6627 lines)
2026-06-25 23:42:43 [main] INFO  com.cloudprice.storage.LocalStorage - Wrote CSV: data\dwd\product_price_clean.csv (6718 lines)
2026-06-25 23:42:43 [main] INFO  com.cloudprice.storage.LocalStorage - Wrote CSV: data\dwd\product_price_clean.csv (6596 lines)
2026-06-25 23:42:43 [main] INFO  com.cloudprice.storage.LocalStorage - Wrote CSV: data\dwd\product_price_clean.csv (6661 lines)
2026-06-25 23:42:43 [main] INFO  com.cloudprice.storage.LocalStorage - Wrote CSV: data\dwd\product_price_clean.csv (6536 lines)
2026-06-25 23:42:43 [main] INFO  com.cloudprice.storage.LocalStorage - Wrote CSV: data\dwd\product_price_clean.csv (6636 lines)
2026-06-25 23:42:43 [main] INFO  com.cloudprice.storage.LocalStorage - Wrote CSV: data\dwd\product_price_clean.csv (6574 lines)
2026-06-25 23:42:43 [main] INFO  com.cloudprice.storage.LocalStorage - Wrote CSV: data\dwd\product_price_clean.csv (6603 lines)
2026-06-25 23:42:43 [main] INFO  com.cloudprice.storage.LocalStorage - Wrote CSV: data\dwd\product_price_clean.csv (6878 lines)
2026-06-25 23:42:43 [main] INFO  com.cloudprice.storage.LocalStorage - Wrote CSV: data\dwd\product_price_clean.csv (6696 lines)
2026-06-25 23:42:43 [main] INFO  com.cloudprice.storage.LocalStorage - Wrote CSV: data\dwd\product_price_clean.csv (6596 lines)
2026-06-25 23:42:43 [main] INFO  com.cloudprice.storage.LocalStorage - Wrote CSV: data\dwd\product_price_clean.csv (6541 lines)
2026-06-25 23:42:43 [main] INFO  com.cloudprice.storage.LocalStorage - Wrote CSV: data\dwd\product_price_clean.csv (6753 lines)
2026-06-25 23:42:43 [main] INFO  com.cloudprice.storage.LocalStorage - Wrote CSV: data\dwd\product_price_clean.csv (6839 lines)
2026-06-25 23:42:43 [main] INFO  com.cloudprice.storage.LocalStorage - Wrote CSV: data\dwd\product_price_clean.csv (6658 lines)
2026-06-25 23:42:43 [main] INFO  com.cloudprice.storage.LocalStorage - Wrote CSV: data\dwd\product_price_clean.csv (6637 lines)
2026-06-25 23:42:43 [main] INFO  com.cloudprice.storage.LocalStorage - Wrote CSV: data\dwd\product_price_clean.csv (6541 lines)
2026-06-25 23:42:43 [main] INFO  com.cloudprice.storage.LocalStorage - Wrote CSV: data\dwd\product_price_clean.csv (6677 lines)
2026-06-25 23:42:43 [main] INFO  com.cloudprice.storage.LocalStorage - Wrote CSV: data\dwd\product_price_clean.csv (6580 lines)
2026-06-25 23:42:43 [main] INFO  com.cloudprice.storage.LocalStorage - Wrote CSV: data\dwd\product_price_clean.csv (6622 lines)
2026-06-25 23:42:43 [main] INFO  com.cloudprice.storage.LocalStorage - Wrote CSV: data\dwd\product_price_clean.csv (6869 lines)
2026-06-25 23:42:43 [main] INFO  com.cloudprice.storage.LocalStorage - Wrote CSV: data\dwd\product_price_clean.csv (6663 lines)
2026-06-25 23:42:43 [main] INFO  com.cloudprice.storage.LocalStorage - Wrote CSV: data\dwd\product_price_clean.csv (6787 lines)
2026-06-25 23:42:43 [main] INFO  com.cloudprice.storage.LocalStorage - Wrote CSV: data\dwd\product_price_clean.csv (6701 lines)
2026-06-25 23:42:43 [main] INFO  com.cloudprice.storage.LocalStorage - Wrote CSV: data\dwd\product_price_clean.csv (6561 lines)
2026-06-25 23:42:43 [main] INFO  c.cloudprice.CloudPriceApplication - Saved 199883 clean records to DWD layer
2026-06-25 23:42:43 [main] INFO  c.cloudprice.CloudPriceApplication - --- DWS Layer: Aggregating data ---
2026-06-25 23:42:43 [main] INFO  c.cloudprice.compute.DataAggregator - Aggregation complete: 59613 sku summaries, 240 category summaries, 30 overall summaries
2026-06-25 23:42:44 [main] INFO  com.cloudprice.storage.LocalStorage - Wrote CSV: data\dws\sku_daily_summary.csv (59614 lines)
2026-06-25 23:42:44 [main] INFO  c.cloudprice.CloudPriceApplication - Saved 59613 SKU summaries
2026-06-25 23:42:44 [main] INFO  com.cloudprice.storage.LocalStorage - Wrote CSV: data\dws\category_daily_summary.csv (241 lines)
2026-06-25 23:42:44 [main] INFO  c.cloudprice.CloudPriceApplication - Saved 240 category summaries
2026-06-25 23:42:44 [main] INFO  com.cloudprice.storage.LocalStorage - Wrote CSV: data\dws\overall_daily_summary.csv (31 lines)
2026-06-25 23:42:44 [main] INFO  c.cloudprice.CloudPriceApplication - Saved 30 overall summaries
2026-06-25 23:42:44 [main] INFO  c.cloudprice.CloudPriceApplication - --- ADS Layer: Computing price indices ---
2026-06-25 23:42:44 [main] INFO  c.cloudprice.compute.IndexComputer - Index computation complete: 30 overall, 240 category, 59613 sku indices, 600 top movers
2026-06-25 23:42:44 [main] INFO  com.cloudprice.storage.LocalStorage - Wrote JSON: data\ads\overall_index.json
2026-06-25 23:42:44 [main] INFO  com.cloudprice.storage.LocalStorage - Wrote JSON: data\ads\category_index.json
2026-06-25 23:42:44 [main] INFO  com.cloudprice.storage.LocalStorage - Wrote JSON: data\ads\sku_index.json
2026-06-25 23:42:44 [main] INFO  com.cloudprice.storage.LocalStorage - Wrote JSON: data\ads\top_movers.json
2026-06-25 23:42:44 [main] INFO  c.cloudprice.report.ReportGenerator - Generated daily report with 30 entries
2026-06-25 23:42:44 [main] INFO  com.cloudprice.storage.LocalStorage - Wrote JSON: data\ads\daily_report.json
2026-06-25 23:42:44 [main] INFO  c.cloudprice.CloudPriceApplication - Saved ADS layer: overall_index, category_index, sku_index, top_movers, daily_report
2026-06-25 23:42:44 [main] INFO  c.cloudprice.CloudPriceApplication - ========================================
2026-06-25 23:42:44 [main] INFO  c.cloudprice.CloudPriceApplication -   Cloud Price Index - Completed!
2026-06-25 23:42:44 [main] INFO  c.cloudprice.CloudPriceApplication -   ODS: 210857 raw records
2026-06-25 23:42:44 [main] INFO  c.cloudprice.CloudPriceApplication -   DWD: 199883 clean records
2026-06-25 23:42:44 [main] INFO  c.cloudprice.CloudPriceApplication -   DWS: 59613 sku, 240 category, 30 overall summaries
2026-06-25 23:42:44 [main] INFO  c.cloudprice.CloudPriceApplication -   ADS: 30 overall indices, 240 category indices, 59613 sku indices
2026-06-25 23:42:44 [main] INFO  c.cloudprice.CloudPriceApplication - ========================================
2026-06-25 23:43:54 [main] INFO  c.cloudprice.compute.IndexComputer - Index computation complete: 2 overall, 4 category, 4 sku indices, 4 top movers
2026-06-25 23:43:54 [main] WARN  c.cloudprice.compute.IndexComputer - No SKU summaries to compute indices
2026-06-25 23:43:54 [main] WARN  c.cloudprice.compute.IndexComputer - No SKU summaries to compute indices
2026-06-25 23:43:54 [main] INFO  c.cloudprice.compute.IndexComputer - Index computation complete: 2 overall, 2 category, 2 sku indices, 0 top movers
2026-06-26 12:52:46 [main] INFO  com.cloudprice.util.LoggerConfig - Logger initialized
2026-06-26 12:52:46 [main] INFO  c.cloudprice.CloudPriceApplication - ========================================
2026-06-26 12:52:46 [main] INFO  c.cloudprice.CloudPriceApplication -   Cloud Price Index - Starting...
2026-06-26 12:52:46 [main] INFO  c.cloudprice.CloudPriceApplication - ========================================
2026-06-26 12:52:46 [main] INFO  c.cloudprice.CloudPriceApplication - Config loaded: project=cloud-price-index, skuCount=2000, dirtyRate=0.02
2026-06-26 12:52:46 [main] INFO  c.cloudprice.CloudPriceApplication - Date range: 2026-06-01 to 2026-06-01
2026-06-26 12:52:46 [main] INFO  com.cloudprice.storage.OssClient - OSS is disabled, data will be saved locally only
2026-06-26 12:52:46 [main] INFO  c.cloudprice.CloudPriceApplication - --- ODS Layer: Generating raw data ---
2026-06-26 12:52:47 [main] INFO  c.c.ingestion.MockDataGenerator - Injected 137 dirty records (rate=0.02)
2026-06-26 12:52:47 [main] INFO  c.c.ingestion.MockDataGenerator - Generated 6911 raw records from 2026-06-01 to 2026-06-01
2026-06-26 12:52:47 [main] INFO  com.cloudprice.storage.LocalStorage - Wrote CSV: data\ods\product_price_raw.csv (6912 lines)
2026-06-26 12:52:47 [main] INFO  c.cloudprice.CloudPriceApplication - Saved 6911 raw records to ODS layer
2026-06-26 12:52:47 [main] INFO  c.cloudprice.CloudPriceApplication - --- DWD Layer: Cleaning data ---
2026-06-26 12:52:47 [main] INFO  com.cloudprice.compute.DataCleaner - Cleaning complete: 6911 raw -> 6782 clean (removed 129)
2026-06-26 12:52:47 [main] INFO  com.cloudprice.storage.LocalStorage - Wrote CSV: data\dwd\product_price_clean.csv (6783 lines)
2026-06-26 12:52:47 [main] INFO  c.cloudprice.CloudPriceApplication - Saved 6782 clean records to DWD layer
2026-06-26 12:52:47 [main] INFO  c.cloudprice.CloudPriceApplication - --- DWS Layer: Aggregating data ---
2026-06-26 12:52:47 [main] INFO  c.cloudprice.compute.DataAggregator - Aggregation complete: 2000 sku summaries, 8 category summaries, 1 overall summaries
2026-06-26 12:52:47 [main] INFO  com.cloudprice.storage.LocalStorage - Wrote CSV: data\dws\sku_daily_summary.csv (2001 lines)
2026-06-26 12:52:47 [main] INFO  c.cloudprice.CloudPriceApplication - Saved 2000 SKU summaries
2026-06-26 12:52:47 [main] INFO  com.cloudprice.storage.LocalStorage - Wrote CSV: data\dws\category_daily_summary.csv (9 lines)
2026-06-26 12:52:47 [main] INFO  c.cloudprice.CloudPriceApplication - Saved 8 category summaries
2026-06-26 12:52:47 [main] INFO  com.cloudprice.storage.LocalStorage - Wrote CSV: data\dws\overall_daily_summary.csv (2 lines)
2026-06-26 12:52:47 [main] INFO  c.cloudprice.CloudPriceApplication - Saved 1 overall summaries
2026-06-26 12:52:47 [main] INFO  c.cloudprice.CloudPriceApplication - --- ADS Layer: Computing price indices ---
2026-06-26 12:52:47 [main] INFO  c.cloudprice.compute.IndexComputer - Index computation complete: 1 overall, 8 category, 2000 sku indices, 20 top movers
2026-06-26 12:52:47 [main] INFO  com.cloudprice.storage.LocalStorage - Wrote JSON: data\ads\overall_index.json
2026-06-26 12:52:47 [main] INFO  com.cloudprice.storage.LocalStorage - Wrote JSON: data\ads\category_index.json
2026-06-26 12:52:47 [main] INFO  com.cloudprice.storage.LocalStorage - Wrote JSON: data\ads\sku_index.json
2026-06-26 12:52:47 [main] INFO  com.cloudprice.storage.LocalStorage - Wrote JSON: data\ads\top_movers.json
2026-06-26 12:52:47 [main] INFO  c.cloudprice.report.ReportGenerator - Generated daily report with 1 entries
2026-06-26 12:52:47 [main] INFO  com.cloudprice.storage.LocalStorage - Wrote JSON: data\ads\daily_report.json
2026-06-26 12:52:47 [main] INFO  c.cloudprice.CloudPriceApplication - Saved ADS layer: overall_index, category_index, sku_index, top_movers, daily_report
2026-06-26 12:52:47 [main] INFO  c.cloudprice.CloudPriceApplication - ========================================
2026-06-26 12:52:47 [main] INFO  c.cloudprice.CloudPriceApplication -   Cloud Price Index - Completed!
2026-06-26 12:52:47 [main] INFO  c.cloudprice.CloudPriceApplication -   ODS: 6911 raw records
2026-06-26 12:52:47 [main] INFO  c.cloudprice.CloudPriceApplication -   DWD: 6782 clean records
2026-06-26 12:52:47 [main] INFO  c.cloudprice.CloudPriceApplication -   DWS: 2000 sku, 8 category, 1 overall summaries
2026-06-26 12:52:47 [main] INFO  c.cloudprice.CloudPriceApplication -   ADS: 1 overall indices, 8 category indices, 2000 sku indices
2026-06-26 12:52:47 [main] INFO  c.cloudprice.CloudPriceApplication - ========================================
2026-06-26 12:53:30 [main] INFO  com.cloudprice.util.LoggerConfig - Logger initialized
2026-06-26 12:53:30 [main] INFO  c.cloudprice.CloudPriceApplication - ========================================
2026-06-26 12:53:30 [main] INFO  c.cloudprice.CloudPriceApplication -   Cloud Price Index - Starting...
2026-06-26 12:53:30 [main] INFO  c.cloudprice.CloudPriceApplication - ========================================
2026-06-26 12:53:30 [main] INFO  c.cloudprice.CloudPriceApplication - Config loaded: project=cloud-price-index, skuCount=2000, dirtyRate=0.02
2026-06-26 12:53:30 [main] INFO  c.cloudprice.CloudPriceApplication - Date range: 2026-06-01 to 2026-06-01
2026-06-26 12:53:30 [main] INFO  com.cloudprice.storage.OssClient - OSS client initialized (endpoint: oss-cn-hangzhou.aliyuncs.com, bucket: shiyuzhe)
2026-06-26 12:53:30 [main] INFO  c.cloudprice.CloudPriceApplication - --- ODS Layer: Generating raw data ---
2026-06-26 12:53:30 [main] INFO  c.c.ingestion.MockDataGenerator - Injected 138 dirty records (rate=0.02)
2026-06-26 12:53:30 [main] INFO  c.c.ingestion.MockDataGenerator - Generated 6978 raw records from 2026-06-01 to 2026-06-01
2026-06-26 12:53:30 [main] INFO  com.cloudprice.storage.LocalStorage - Wrote CSV: data\ods\product_price_raw.csv (6979 lines)
2026-06-26 12:53:31 [main] ERROR com.cloudprice.storage.OssClient - Failed to upload to OSS: price-index-platform/ods/dt=2026-06-01/product_price_raw.csv
com.aliyun.oss.OSSException: You have no right to access this object because of bucket acl.
[ErrorCode]: AccessDenied
[RequestId]: 6A3E05CD1B6F823332D6436F
[HostId]: shiyuzhe.oss-cn-hangzhou.aliyuncs.com
[EC]: 0003-00000001
[ResponseError]:
<?xml version="1.0" encoding="UTF-8"?>
<Error>
  <Code>AccessDenied</Code>
  <Message>You have no right to access this object because of bucket acl.</Message>
  <RequestId>6A3E05CD1B6F823332D6436F</RequestId>
  <HostId>shiyuzhe.oss-cn-hangzhou.aliyuncs.com</HostId>
  <AccessDeniedDetail>
    <PolicyType>ResourceGroupLevelIdentityBasedPolicy</PolicyType>
    <AuthPrincipalOwnerId>1964745901088314</AuthPrincipalOwnerId>
    <AuthPrincipalType>SubUser</AuthPrincipalType>
    <AuthPrincipalDisplayName>202269882449415728</AuthPrincipalDisplayName>
    <NoPermissionType>ImplicitDeny</NoPermissionType>
    <AuthAction>oss:PutObject</AuthAction>
    <EncodedDiagnosticMessage>AQIBIAAAABC8xnqSKf2NMLEjUxc/pSQBlQgQrlGPf5qGeq+2bynngjGouciEnjfLWMNYj0o/p9kSLq/c1nZcuEiPQImCiEbHZVM6l5chTi/XOcM1+fZxfp/VFRfppasdJ5ykT1mgAxKC54A5H23yYGm1pQ4g2YH8gQKVvBd29IiiqoB86hS7pV8qZ2IrB2Bbvo5RAzu/aRQUON/AAH8k4WMqT5cGgsWZshKmZ2ZvNUdyJcOHfrLKNJIVKgOfQAm2rAEFyFWPk/Q43uHYDZqu4DWt7luonEUQlEsqTfndrGShIbn5RyyFYyj0/q+hL61tQGKtUT+IWPUsvE4CC075vtYt6upgfzrs1eKTJKlXdkyRF2ils3cXwn5KDA5GaE+QuhSCLpJmDUqy2dSmlxCEF10m5CbNyMTdvw3t1uH1lX6wSx6rFJldqYT06a9qyRlirnbmkLZwHARK8/b2ufLAHxd5Eu3tKeshguYlDeWkP+KnOk8DDSF2H6vkkQbHFQfij5KDNQLYSyueOOuWju1iX/DClYRg/feW/Vzmltw2BZuFkRjNNGluZwOQc6YP50K9Dkh+9LsasV4oqBiQGbxKuI2a4g8UjH79gdu5GctB8DsS0jDM7tgGvx282zwBtd3yo2m+k392hPsVi9OLmckOLFo3opzDmuBc/8nC6X7XtsUtwasTJNYpqTvoAVviwomTtWk9OQURhFEeDmJ4pddQKOqDeSJc/UnrYkJXE4/GWn8a7DV3ErsJ1rH5J4tsTdTo7QGu4I2khT1rKdR2mWKj1KvmwaYnNwR7/CNH3BlLzdIncNk6cKDWF+9JtoAJxPVzVvhs5zhR9uZBTqOqJlDTrQkUI2pgwjYKkrJv/wTw4LG1XXdq49/5X/FbDzG3FxpFgD3TiQT1/tWHKA7Pkmys5XtLbx11MELt5iC1UPjLK0aAPkzn//Tt</EncodedDiagnosticMessage>
  </AccessDeniedDetail>
  <EC>0003-00000001</EC>
  <RecommendDoc>https://api.aliyun.com/troubleshoot?q=0003-00000001</RecommendDoc>
</Error>

	at com.aliyun.oss.common.utils.ExceptionFactory.createOSSException(ExceptionFactory.java:103)
	at com.aliyun.oss.internal.OSSErrorResponseHandler.handle(OSSErrorResponseHandler.java:92)
	at com.aliyun.oss.common.comm.ServiceClient.handleResponse(ServiceClient.java:284)
	at com.aliyun.oss.common.comm.ServiceClient.sendRequestImpl(ServiceClient.java:156)
	at com.aliyun.oss.common.comm.ServiceClient.sendRequest(ServiceClient.java:85)
	at com.aliyun.oss.internal.OSSOperation.send(OSSOperation.java:134)
	at com.aliyun.oss.internal.OSSOperation.doOperation(OSSOperation.java:192)
	at com.aliyun.oss.internal.OSSOperation.doOperation(OSSOperation.java:153)
	at com.aliyun.oss.internal.OSSObjectOperation.writeObjectInternal(OSSObjectOperation.java:1173)
	at com.aliyun.oss.internal.OSSObjectOperation.putObject(OSSObjectOperation.java:107)
	at com.aliyun.oss.OSSClient.putObject(OSSClient.java:627)
	at com.cloudprice.storage.OssClient.uploadString(OssClient.java:55)
	at com.cloudprice.CloudPriceApplication.saveRawRecords(CloudPriceApplication.java:168)
	at com.cloudprice.CloudPriceApplication.main(CloudPriceApplication.java:84)
2026-06-26 12:53:31 [main] INFO  c.cloudprice.CloudPriceApplication - Saved 6978 raw records to ODS layer
2026-06-26 12:53:31 [main] INFO  c.cloudprice.CloudPriceApplication - --- DWD Layer: Cleaning data ---
2026-06-26 12:53:31 [main] INFO  com.cloudprice.compute.DataCleaner - Cleaning complete: 6978 raw -> 6841 clean (removed 137)
2026-06-26 12:53:31 [main] INFO  com.cloudprice.storage.LocalStorage - Wrote CSV: data\dwd\product_price_clean.csv (6842 lines)
2026-06-26 12:53:31 [main] ERROR com.cloudprice.storage.OssClient - Failed to upload to OSS: price-index-platform/dwd/dt=2026-06-01/product_price_clean.csv
com.aliyun.oss.OSSException: You have no right to access this object because of bucket acl.
[ErrorCode]: AccessDenied
[RequestId]: 6A3E05CE35E0F03837106949
[HostId]: shiyuzhe.oss-cn-hangzhou.aliyuncs.com
[EC]: 0003-00000001
[ResponseError]:
<?xml version="1.0" encoding="UTF-8"?>
<Error>
  <Code>AccessDenied</Code>
  <Message>You have no right to access this object because of bucket acl.</Message>
  <RequestId>6A3E05CE35E0F03837106949</RequestId>
  <HostId>shiyuzhe.oss-cn-hangzhou.aliyuncs.com</HostId>
  <AccessDeniedDetail>
    <PolicyType>ResourceGroupLevelIdentityBasedPolicy</PolicyType>
    <AuthPrincipalOwnerId>1964745901088314</AuthPrincipalOwnerId>
    <AuthPrincipalType>SubUser</AuthPrincipalType>
    <AuthPrincipalDisplayName>202269882449415728</AuthPrincipalDisplayName>
    <NoPermissionType>ImplicitDeny</NoPermissionType>
    <AuthAction>oss:PutObject</AuthAction>
    <EncodedDiagnosticMessage>AQIBIAAAAPYBCYl734RalmgUrCuYWcyXxuG/kBi0sfxVEH5LA0CK38PzTbYvfv2oKA5q4N6WWB9pRK9OUIZDP5Bb6m+lZgtGTQc8CVfshyihmjzE8oSTW9G04+h2rF8KCuWI4gU6bWXBJIx8wNyQIKibOwkqWrUftFnGJewi9dKedFF6PyF2kzaK7EyWvmuhLfOia4O5qlqWyTAIOjXkp6Eac60X49wz3eyF8tSE2FNvQ19o2P+/hYznRlApVCKituPnDKKh3Xrb9c4C4tE2IWcsgxkjtZbqmHUqqIoF4twwK/L8fMxcI/Y9D0OeaDWQCeYDkXlFO5E+pCD0FTjgIzL5HkaNssdxDQMIwC3tUVKI/UCcQv0v1QbSvzNsKarnHIJN9BnPz/Bt3ZEDu6bKtL9eH3kOPORBH4rmw3nb4DePH+iqp4WMr8bCFAf8gq5T8tuhXUOxT/uZOwnYmf3WEnCeEUL/t3dXXgfTvmKuknKPdODHXk5GXkH73VtDsOxaIyBpn5ViIgV/K6WlB+itn+zMt2XaW+Kih6yENmb/MqUQxM9vyhoDq35xW3rCRT40vMEaPaCScYziA5VRPVcnZ/+GXbzmgFlHMApmnpsxA+p7bCi5E3FKv86PQG8cyzLHxyPEmkm7Hy0ikQMXIchqA7+bGevs6VyApESjFlaMvEGH+C+rDfGSH6hzrK6UotCj2uEUfFXnZakgE3FVsuMUaaT5PcAAdU0jPo5lCqG8Tx3muK4aUv7sxUD8R/sQ0xp3r62kdgz4Q+m5dSe8TBH1x6kzcQbSUafxdKjjBovotT1ViUa5TLhaLBYW9cUz+CyejTeH/FkObhuvEUKWLKisWaHOJHtEU8eObEtxpA3Xp18xFP7WDiZXHfT/tg74QEo6CJmwY2usJkwXWFHVyJYOYldNLlerXkyndFpFZpMFTd2xUW0YiupU</EncodedDiagnosticMessage>
  </AccessDeniedDetail>
  <EC>0003-00000001</EC>
  <RecommendDoc>https://api.aliyun.com/troubleshoot?q=0003-00000001</RecommendDoc>
</Error>

	at com.aliyun.oss.common.utils.ExceptionFactory.createOSSException(ExceptionFactory.java:103)
	at com.aliyun.oss.internal.OSSErrorResponseHandler.handle(OSSErrorResponseHandler.java:92)
	at com.aliyun.oss.common.comm.ServiceClient.handleResponse(ServiceClient.java:284)
	at com.aliyun.oss.common.comm.ServiceClient.sendRequestImpl(ServiceClient.java:156)
	at com.aliyun.oss.common.comm.ServiceClient.sendRequest(ServiceClient.java:85)
	at com.aliyun.oss.internal.OSSOperation.send(OSSOperation.java:134)
	at com.aliyun.oss.internal.OSSOperation.doOperation(OSSOperation.java:192)
	at com.aliyun.oss.internal.OSSOperation.doOperation(OSSOperation.java:153)
	at com.aliyun.oss.internal.OSSObjectOperation.writeObjectInternal(OSSObjectOperation.java:1173)
	at com.aliyun.oss.internal.OSSObjectOperation.putObject(OSSObjectOperation.java:107)
	at com.aliyun.oss.OSSClient.putObject(OSSClient.java:627)
	at com.cloudprice.storage.OssClient.uploadString(OssClient.java:55)
	at com.cloudprice.CloudPriceApplication.saveCleanRecords(CloudPriceApplication.java:204)
	at com.cloudprice.CloudPriceApplication.main(CloudPriceApplication.java:89)
2026-06-26 12:53:31 [main] INFO  c.cloudprice.CloudPriceApplication - Saved 6841 clean records to DWD layer
2026-06-26 12:53:31 [main] INFO  c.cloudprice.CloudPriceApplication - --- DWS Layer: Aggregating data ---
2026-06-26 12:53:31 [main] INFO  c.cloudprice.compute.DataAggregator - Aggregation complete: 2000 sku summaries, 8 category summaries, 1 overall summaries
2026-06-26 12:53:31 [main] INFO  com.cloudprice.storage.LocalStorage - Wrote CSV: data\dws\sku_daily_summary.csv (2001 lines)
2026-06-26 12:53:32 [main] ERROR com.cloudprice.storage.OssClient - Failed to upload to OSS: price-index-platform/dws/sku_daily_summary.csv
com.aliyun.oss.OSSException: You have no right to access this object because of bucket acl.
[ErrorCode]: AccessDenied
[RequestId]: 6A3E05CFCBC30932306FA95C
[HostId]: shiyuzhe.oss-cn-hangzhou.aliyuncs.com
[EC]: 0003-00000001
[ResponseError]:
<?xml version="1.0" encoding="UTF-8"?>
<Error>
  <Code>AccessDenied</Code>
  <Message>You have no right to access this object because of bucket acl.</Message>
  <RequestId>6A3E05CFCBC30932306FA95C</RequestId>
  <HostId>shiyuzhe.oss-cn-hangzhou.aliyuncs.com</HostId>
  <AccessDeniedDetail>
    <PolicyType>ResourceGroupLevelIdentityBasedPolicy</PolicyType>
    <AuthPrincipalOwnerId>1964745901088314</AuthPrincipalOwnerId>
    <AuthPrincipalType>SubUser</AuthPrincipalType>
    <AuthPrincipalDisplayName>202269882449415728</AuthPrincipalDisplayName>
    <NoPermissionType>ImplicitDeny</NoPermissionType>
    <AuthAction>oss:PutObject</AuthAction>
    <EncodedDiagnosticMessage>AQIBIAAAAPW2YfHhL1QYgZgD17tTERHnzn76b9MDmf1vDvPLQlJXOpIb1t9z7T5iGP51WPaNwiCgOAuoaMBrFwq6l1X2reDxclgYDeM4SG0LlW3acOSiwsv131dkYkuxg+NyPo4way701GoideeLc8zYLi3B+Hdh/LyFphbQRjZoqgLfLUKMnkCthVYUoDUKLPEKNlyuFCSo2ad+kdk9EY8uWsuWGizZTlsyDyBD8KIP8YB7eOHVXvwM8nNmPfqs0/U2l6f54iPqsa3lfGfOgtrb1lVl3qjhwtiq4mIhO12+uqELt6CsTvx/p0GxQdn2mMWrh3cqjqFmLoRuRfX0hIeRJwrYgch/Qzod6pnNRu2zEKw7Iiwb7bt2H1VWWz9hlD832zuQmR4Sa5Pty6TZovUSJ2dAbH6OZrC4nD0VY2YD+YH1Zz8K/2m35xbfFYJCFLaQn9lEVAPfM4QXUz10HFzI7b6gK4AyrZ4M7elmi2U6Cxph0qbzuG+y4iSOcWUdIoDgDbBfk9boEQPaYcSzsiPUm1f3EVyglzpjR/9kyWvNpUmhxM4/Pd6SaTXrOYyoCZ3GnvWBsybgKXEtSy6ICTu5QKGtK/rWPv4knChmSRZGCdyPoCnKJDLFlvvQ2xxWrpVSOsABdOZ9L01ZBGvwcziWBrbgZK3I2isCMIC0rgDe+tB4e7P1y1qFJ7P7QNPYd2JAG1kwbKppAeEAtymt+zuWrg/IDabYD6i2YpZv4tGjoBa+JYJnLD69BgmsmPmv1O0x1FiNNTm0R+FP4zy+taHvb3MxnoRp2zOFpYffshdC45uCefoae9qzei0G7F7Gxe6BDqqOgsvnL+TJ0+DEA2UBLN12LdCRSEhGWyA/FyPUCDEWCFzRus6tmuY9gS05u35WBwhcu6bYd8SlCzgiK97hvRj52sE=</EncodedDiagnosticMessage>
  </AccessDeniedDetail>
  <EC>0003-00000001</EC>
  <RecommendDoc>https://api.aliyun.com/troubleshoot?q=0003-00000001</RecommendDoc>
</Error>

	at com.aliyun.oss.common.utils.ExceptionFactory.createOSSException(ExceptionFactory.java:103)
	at com.aliyun.oss.internal.OSSErrorResponseHandler.handle(OSSErrorResponseHandler.java:92)
	at com.aliyun.oss.common.comm.ServiceClient.handleResponse(ServiceClient.java:284)
	at com.aliyun.oss.common.comm.ServiceClient.sendRequestImpl(ServiceClient.java:156)
	at com.aliyun.oss.common.comm.ServiceClient.sendRequest(ServiceClient.java:85)
	at com.aliyun.oss.internal.OSSOperation.send(OSSOperation.java:134)
	at com.aliyun.oss.internal.OSSOperation.doOperation(OSSOperation.java:192)
	at com.aliyun.oss.internal.OSSOperation.doOperation(OSSOperation.java:153)
	at com.aliyun.oss.internal.OSSObjectOperation.writeObjectInternal(OSSObjectOperation.java:1173)
	at com.aliyun.oss.internal.OSSObjectOperation.putObject(OSSObjectOperation.java:107)
	at com.aliyun.oss.OSSClient.putObject(OSSClient.java:627)
	at com.cloudprice.storage.OssClient.uploadString(OssClient.java:55)
	at com.cloudprice.CloudPriceApplication.saveSkuSummaries(CloudPriceApplication.java:232)
	at com.cloudprice.CloudPriceApplication.main(CloudPriceApplication.java:94)
2026-06-26 12:53:32 [main] INFO  c.cloudprice.CloudPriceApplication - Saved 2000 SKU summaries
2026-06-26 12:53:32 [main] INFO  com.cloudprice.storage.LocalStorage - Wrote CSV: data\dws\category_daily_summary.csv (9 lines)
2026-06-26 12:53:32 [main] ERROR com.cloudprice.storage.OssClient - Failed to upload to OSS: price-index-platform/dws/category_daily_summary.csv
com.aliyun.oss.OSSException: You have no right to access this object because of bucket acl.
[ErrorCode]: AccessDenied
[RequestId]: 6A3E05CFCBC30932308DA95C
[HostId]: shiyuzhe.oss-cn-hangzhou.aliyuncs.com
[EC]: 0003-00000001
[ResponseError]:
<?xml version="1.0" encoding="UTF-8"?>
<Error>
  <Code>AccessDenied</Code>
  <Message>You have no right to access this object because of bucket acl.</Message>
  <RequestId>6A3E05CFCBC30932308DA95C</RequestId>
  <HostId>shiyuzhe.oss-cn-hangzhou.aliyuncs.com</HostId>
  <AccessDeniedDetail>
    <PolicyType>ResourceGroupLevelIdentityBasedPolicy</PolicyType>
    <AuthPrincipalOwnerId>1964745901088314</AuthPrincipalOwnerId>
    <AuthPrincipalType>SubUser</AuthPrincipalType>
    <AuthPrincipalDisplayName>202269882449415728</AuthPrincipalDisplayName>
    <NoPermissionType>ImplicitDeny</NoPermissionType>
    <AuthAction>oss:PutObject</AuthAction>
    <EncodedDiagnosticMessage>AQIBIAAAAPW2YfHhL1QYgZgD17tTERHnzn76b9MDmf1vDvPLQlJXOpIb1t9z7T5iGP51WPaNwiCgOAuoaMBrFwq6l1X2reDxclgYDeM4SG0LlW3acOSiwsv131dkYkuxg+NyPo4way701GoideeLc8zYLi3B+Hdh/LyFphbQRjZoqgLfLUKMnkCthVYUoDUKLPEKNlyuFCSo2ad+kdk9EY8uWsuWGizZTlsyDyBD8KIP8YB7eOHVXvwM8nNmPfqs0/U2l6f54kiIkwoOi8C+c9WW3sn7xGquAZczZLfYkF9wliowPVsOHcmhi79qJlT3Pv3UmKhpOcAyJWjlvKwv8IasMjNAqXXMG3wk+5TVbtxjr15QVt1AspLZ7oQKujHmcvwfQN78m5/Uv67LHh2ktEuUl+JZbhy7Pjkm8srE7kG22YAWFa0R0tLdPdxTlx97KCDnxpRzTWlMsXJreMcBfjf67rsi3kZWH06G0TIEk9zlbxs7YAMibSo2idcywVs/ufQtVWXxoLtis1Ugd/kKYWLboi0PrQMMfNGm5u91UfzM9WPA7aOSkCyWBFicw3nCAEPeRANT8A7pIsFbM8KgcRVQEuyVhJkEPmLq9D2tE2yw1IEcsK5LyW/LPdG98AB8Rk1GDAiIrCuYkRNGayndtLb2lNQcAsqlXNO4kTYA0g5spO6BIu4H+mEQLF2PQUqY22ulLW3DpknCAppf6vA7eHnM+onvhwODrVQ57Df1yg6D96qusEQMcDCWdQtl7KZ1DbLhI26Ua9x9daJwA2UTaLeK7grq+5wB0oaJ7+Xz4PV32Fav56853di/ifeLlK2iL9Zut3+kyC1ToZfZ7RT21LizDowwNoN7W/vaoLEeJJ2KjmK7kTKNmPMMcW7w7R6uJFhP7MvsI1SU9D+0BoxBL2lwCO/aQOclGANsod3XV7WsrertDAnn</EncodedDiagnosticMessage>
  </AccessDeniedDetail>
  <EC>0003-00000001</EC>
  <RecommendDoc>https://api.aliyun.com/troubleshoot?q=0003-00000001</RecommendDoc>
</Error>

	at com.aliyun.oss.common.utils.ExceptionFactory.createOSSException(ExceptionFactory.java:103)
	at com.aliyun.oss.internal.OSSErrorResponseHandler.handle(OSSErrorResponseHandler.java:92)
	at com.aliyun.oss.common.comm.ServiceClient.handleResponse(ServiceClient.java:284)
	at com.aliyun.oss.common.comm.ServiceClient.sendRequestImpl(ServiceClient.java:156)
	at com.aliyun.oss.common.comm.ServiceClient.sendRequest(ServiceClient.java:85)
	at com.aliyun.oss.internal.OSSOperation.send(OSSOperation.java:134)
	at com.aliyun.oss.internal.OSSOperation.doOperation(OSSOperation.java:192)
	at com.aliyun.oss.internal.OSSOperation.doOperation(OSSOperation.java:153)
	at com.aliyun.oss.internal.OSSObjectOperation.writeObjectInternal(OSSObjectOperation.java:1173)
	at com.aliyun.oss.internal.OSSObjectOperation.putObject(OSSObjectOperation.java:107)
	at com.aliyun.oss.OSSClient.putObject(OSSClient.java:627)
	at com.cloudprice.storage.OssClient.uploadString(OssClient.java:55)
	at com.cloudprice.CloudPriceApplication.saveCategorySummaries(CloudPriceApplication.java:257)
	at com.cloudprice.CloudPriceApplication.main(CloudPriceApplication.java:95)
2026-06-26 12:53:32 [main] INFO  c.cloudprice.CloudPriceApplication - Saved 8 category summaries
2026-06-26 12:53:32 [main] INFO  com.cloudprice.storage.LocalStorage - Wrote CSV: data\dws\overall_daily_summary.csv (2 lines)
2026-06-26 12:53:32 [main] ERROR com.cloudprice.storage.OssClient - Failed to upload to OSS: price-index-platform/dws/overall_daily_summary.csv
com.aliyun.oss.OSSException: You have no right to access this object because of bucket acl.
[ErrorCode]: AccessDenied
[RequestId]: 6A3E05CFCBC309323098A95C
[HostId]: shiyuzhe.oss-cn-hangzhou.aliyuncs.com
[EC]: 0003-00000001
[ResponseError]:
<?xml version="1.0" encoding="UTF-8"?>
<Error>
  <Code>AccessDenied</Code>
  <Message>You have no right to access this object because of bucket acl.</Message>
  <RequestId>6A3E05CFCBC309323098A95C</RequestId>
  <HostId>shiyuzhe.oss-cn-hangzhou.aliyuncs.com</HostId>
  <AccessDeniedDetail>
    <PolicyType>ResourceGroupLevelIdentityBasedPolicy</PolicyType>
    <AuthPrincipalOwnerId>1964745901088314</AuthPrincipalOwnerId>
    <AuthPrincipalType>SubUser</AuthPrincipalType>
    <AuthPrincipalDisplayName>202269882449415728</AuthPrincipalDisplayName>
    <NoPermissionType>ImplicitDeny</NoPermissionType>
    <AuthAction>oss:PutObject</AuthAction>
    <EncodedDiagnosticMessage>AQIBIAAAAPW2YfHhL1QYgZgD17tTERHnzn76b9MDmf1vDvPLQlJXOpIb1t9z7T5iGP51WPaNwiCgOAuoaMBrFwq6l1X2reDxclgYDeM4SG0LlW3acOSiwsv131dkYkuxg+NyPo4way701GoideeLc8zYLi3B+Hdh/LyFphbQRjZoqgLfLUKMnkCthVYUoDUKLPEKNlyuFCSo2ad+kdk9EY8uWsuWGizZTlsyDyBD8KIP8YB7eOHVXvwM8nNmPfqs0/U2l6f54uVmMfZtjpYipVkzlijiLgLgeZdRFwRr32SStY2YglqU8GekRuyyyC/2QdLokXH+pHaXdZYlxFIH5jmgjpzgvEsgQq/B1LLtG3c0piSBAHvxi8gL8CpQMRa8+itVADBcg6WAwpZrVnAZHCZWt3TrXnlTyrmeA64GaqHaIy9mrxUp/Ih+7eLB/oCHBPLgIwfNlEh5i1qt4t6KGS2LGzIjynY/aBZLKaON+rutapMHXDTO4Kgh1SreH+SC9X27uI5NE8STulbhTTayyw3aA4qdX2prb3yjfINo48fJJR8H4kryEpVHI2Hc/7yU3rlGIXat7R9+pocCRz6RlQ5FSacl7qkdjIMwR21ufHhCjmL7xe7htla1mg2x5scTnEHzWeJq4YRD7zQ5I0o64DI+qeVx+cawaEJ9oWqXRh16+S4iBoabCAPuYiQJb/knpIMiW/NOrI3f8vuQOtRzc+8tYSicvHiSdvqi4DinijcdYxM/m8+xrq0mQbX4m04ui5NtEOy9y2iRv9J23Lxe5Bim486FwNFrd91zCY76kXtfTHH201QqY5YnLwF0cS3b3IOAthlmNdWA+wfqojyY6VBS9sNHYQ7RqGjjilSIEcOq5lTD3nVw+/Q6fAdKozhAXelM8aMTBsZ10HC38wyfxIunw8qar1w9G80Jwq8uP1Bupf2/Xqkw</EncodedDiagnosticMessage>
  </AccessDeniedDetail>
  <EC>0003-00000001</EC>
  <RecommendDoc>https://api.aliyun.com/troubleshoot?q=0003-00000001</RecommendDoc>
</Error>

	at com.aliyun.oss.common.utils.ExceptionFactory.createOSSException(ExceptionFactory.java:103)
	at com.aliyun.oss.internal.OSSErrorResponseHandler.handle(OSSErrorResponseHandler.java:92)
	at com.aliyun.oss.common.comm.ServiceClient.handleResponse(ServiceClient.java:284)
	at com.aliyun.oss.common.comm.ServiceClient.sendRequestImpl(ServiceClient.java:156)
	at com.aliyun.oss.common.comm.ServiceClient.sendRequest(ServiceClient.java:85)
	at com.aliyun.oss.internal.OSSOperation.send(OSSOperation.java:134)
	at com.aliyun.oss.internal.OSSOperation.doOperation(OSSOperation.java:192)
	at com.aliyun.oss.internal.OSSOperation.doOperation(OSSOperation.java:153)
	at com.aliyun.oss.internal.OSSObjectOperation.writeObjectInternal(OSSObjectOperation.java:1173)
	at com.aliyun.oss.internal.OSSObjectOperation.putObject(OSSObjectOperation.java:107)
	at com.aliyun.oss.OSSClient.putObject(OSSClient.java:627)
	at com.cloudprice.storage.OssClient.uploadString(OssClient.java:55)
	at com.cloudprice.CloudPriceApplication.saveOverallSummaries(CloudPriceApplication.java:280)
	at com.cloudprice.CloudPriceApplication.main(CloudPriceApplication.java:96)
2026-06-26 12:53:32 [main] INFO  c.cloudprice.CloudPriceApplication - Saved 1 overall summaries
2026-06-26 12:53:32 [main] INFO  c.cloudprice.CloudPriceApplication - --- ADS Layer: Computing price indices ---
2026-06-26 12:53:32 [main] INFO  c.cloudprice.compute.IndexComputer - Index computation complete: 1 overall, 8 category, 2000 sku indices, 20 top movers
2026-06-26 12:53:32 [main] INFO  com.cloudprice.storage.LocalStorage - Wrote JSON: data\ads\overall_index.json
2026-06-26 12:53:32 [main] ERROR com.cloudprice.storage.OssClient - Failed to upload to OSS: price-index-platform/ads/overall_index.json
com.aliyun.oss.OSSException: You have no right to access this object because of bucket acl.
[ErrorCode]: AccessDenied
[RequestId]: 6A3E05CFCBC3093230C1A95C
[HostId]: shiyuzhe.oss-cn-hangzhou.aliyuncs.com
[EC]: 0003-00000001
[ResponseError]:
<?xml version="1.0" encoding="UTF-8"?>
<Error>
  <Code>AccessDenied</Code>
  <Message>You have no right to access this object because of bucket acl.</Message>
  <RequestId>6A3E05CFCBC3093230C1A95C</RequestId>
  <HostId>shiyuzhe.oss-cn-hangzhou.aliyuncs.com</HostId>
  <AccessDeniedDetail>
    <PolicyType>ResourceGroupLevelIdentityBasedPolicy</PolicyType>
    <AuthPrincipalOwnerId>1964745901088314</AuthPrincipalOwnerId>
    <AuthPrincipalType>SubUser</AuthPrincipalType>
    <AuthPrincipalDisplayName>202269882449415728</AuthPrincipalDisplayName>
    <NoPermissionType>ImplicitDeny</NoPermissionType>
    <AuthAction>oss:PutObject</AuthAction>
    <EncodedDiagnosticMessage>AQIBIAAAAPW2YfHhL1QYgZgD17tTERHnzn76b9MDmf1vDvPLQlJXOpIb1t9z7T5iGP51WPaNwiCgOAuoaMBrFwq6l1X2reDxclgYDeM4SG0LlW3acOSiwsv131dkYkuxg+NyPo4way701GoideeLc8zYLi3B+Hdh/LyFphbQRjZoqgLfLUKMnkCthVYUoDUKLPEKNlyuFCSo2ad+kdk9EY8uWsuWGizZTlsyDyBD8KIP8YB7eOHVXvwM8nNmPfqs0/U2l6f54lSjd8PiAvHzZfmGSKCuv/ex2uqecG/o6x9CiBXAFWUV+SCTspMbkGJAFC2JMp4ty0NnrMRv6f28fnq3tZtzGl32J03YDYJf2S07TGR0ySQYu40bu90tFxI/fp2/w8QBxtnufHmeaVxl0nzmkZPwBePGFDJz8+DAuaRmxnVzegMf5B/+8d7UxTiOYqeO7PnGYYD327vidn1f31IA42JEdU4g0EOuGTpJgDSJWI/5e7tt/J5+kUR2+9UoXAPhNauvYGZ5PCMhWWo+9CuaVPbpJtlfn+h4V8ccQHSqgiHYVjALQSp/WlRbhCM6peL8gDemb1nakpRCkYAAKcRZLgdnhFtyWufGF6AzO87nKXK4W3zOAIvl1AKd+lyfpU3gKfB9UbE3dhw4TK2KpUStH5SynwfBa1XwO7Uwli1IJYt10CLkzaym5jVytNb+gN8/05gXcupzmSH0vnCrqZ7wWPpsEBhhYGr/7Nnldxnz4vmifXSwubySxRpbAU0FbEg+HFtGBxbAj/nDTuZRABh2m74ReCrljW6Z8IP5VRX92sW62KqC0k10ewgzDVfpfYXRuufqBjWK4JAxA8cw8lGOAbkoQkenvtCSjdqOUgCk/NjOw4Aoop7mTa7bOZDgQ9ZqIHx/Mot3d/fXO/xm8Z8bpmoXfTU=</EncodedDiagnosticMessage>
  </AccessDeniedDetail>
  <EC>0003-00000001</EC>
  <RecommendDoc>https://api.aliyun.com/troubleshoot?q=0003-00000001</RecommendDoc>
</Error>

	at com.aliyun.oss.common.utils.ExceptionFactory.createOSSException(ExceptionFactory.java:103)
	at com.aliyun.oss.internal.OSSErrorResponseHandler.handle(OSSErrorResponseHandler.java:92)
	at com.aliyun.oss.common.comm.ServiceClient.handleResponse(ServiceClient.java:284)
	at com.aliyun.oss.common.comm.ServiceClient.sendRequestImpl(ServiceClient.java:156)
	at com.aliyun.oss.common.comm.ServiceClient.sendRequest(ServiceClient.java:85)
	at com.aliyun.oss.internal.OSSOperation.send(OSSOperation.java:134)
	at com.aliyun.oss.internal.OSSOperation.doOperation(OSSOperation.java:192)
	at com.aliyun.oss.internal.OSSOperation.doOperation(OSSOperation.java:153)
	at com.aliyun.oss.internal.OSSObjectOperation.writeObjectInternal(OSSObjectOperation.java:1173)
	at com.aliyun.oss.internal.OSSObjectOperation.putObject(OSSObjectOperation.java:107)
	at com.aliyun.oss.OSSClient.putObject(OSSClient.java:627)
	at com.cloudprice.storage.OssClient.uploadString(OssClient.java:55)
	at com.cloudprice.CloudPriceApplication.saveAdsData(CloudPriceApplication.java:307)
	at com.cloudprice.CloudPriceApplication.main(CloudPriceApplication.java:107)
2026-06-26 12:53:32 [main] INFO  com.cloudprice.storage.LocalStorage - Wrote JSON: data\ads\category_index.json
2026-06-26 12:53:32 [main] ERROR com.cloudprice.storage.OssClient - Failed to upload to OSS: price-index-platform/ads/category_index.json
com.aliyun.oss.OSSException: You have no right to access this object because of bucket acl.
[ErrorCode]: AccessDenied
[RequestId]: 6A3E05CFCBC3093230CBA95C
[HostId]: shiyuzhe.oss-cn-hangzhou.aliyuncs.com
[EC]: 0003-00000001
[ResponseError]:
<?xml version="1.0" encoding="UTF-8"?>
<Error>
  <Code>AccessDenied</Code>
  <Message>You have no right to access this object because of bucket acl.</Message>
  <RequestId>6A3E05CFCBC3093230CBA95C</RequestId>
  <HostId>shiyuzhe.oss-cn-hangzhou.aliyuncs.com</HostId>
  <AccessDeniedDetail>
    <PolicyType>ResourceGroupLevelIdentityBasedPolicy</PolicyType>
    <AuthPrincipalOwnerId>1964745901088314</AuthPrincipalOwnerId>
    <AuthPrincipalType>SubUser</AuthPrincipalType>
    <AuthPrincipalDisplayName>202269882449415728</AuthPrincipalDisplayName>
    <NoPermissionType>ImplicitDeny</NoPermissionType>
    <AuthAction>oss:PutObject</AuthAction>
    <EncodedDiagnosticMessage>AQIBIAAAAPW2YfHhL1QYgZgD17tTERHnzn76b9MDmf1vDvPLQlJXOpIb1t9z7T5iGP51WPaNwiCgOAuoaMBrFwq6l1X2reDxclgYDeM4SG0LlW3acOSiwsv131dkYkuxg+NyPo4way701GoideeLc8zYLi3B+Hdh/LyFphbQRjZoqgLfLUKMnkCthVYUoDUKLPEKNlyuFCSo2ad+kdk9EY8uWsuWGizZTlsyDyBD8KIP8YB7eOHVXvwM8nNmPfqs0/U2l6f54sQzKiy1oscAZtNCMpiYXu3uQ4WxaYa/vtdNubnq7kL3np5eZZzToq8NI3xmY5U5FMTRHr4TXqmq5YkCjvbLPRVumR1mI7vH12kt71CbPuhmBjsSks3QSqE0cjRhmxAw0PoJwAuzd7oDWTvsDByiORlx8dtZoJ3AvP8cdouxdqxzZl7/qKJxVpCleJ1pludefb1rYhTN2XFKh96n59qowqEDtYrLSNGt3hUcMEBzqd0sDroHYabS4zu7oFzrf1XqDVP/9ytSdx5ZhAaYinHrY5CCTZsnC+gGRH7CxqAAZHn7jmzKbwkupqa3MJXZONBTbIQgOo6yukK+SjSBbqTKvyaAE8hGhKQw/jDj5TRYbNzVSoebj/B+cbn17DmYALJun6UKJWQzSpIXrQwWgW8G39GZXJ0CIStWlQTFSQv7H20Z1zaTu8dGD+zH3EudJfuSq/5WpG2iwTiaEtftrcaNQTNkJ9OxdsEahE75erQ+aWVRNZ3TOIHZMe5rDBGK8eDgWNsOakKwT/xc4gTV9i52Jy6XR91xTmdMzabPy/ztf/WFd6w4VuipNrrVSXkdHLsYFc7YGa1SpWz3jlTZj7hwVJQaxLK+x+AWQW62hNNNk3E0OY3Xd9NL+gtMSR+zYQFAld8Ni5I9nLrYFr3LeiO18yY=</EncodedDiagnosticMessage>
  </AccessDeniedDetail>
  <EC>0003-00000001</EC>
  <RecommendDoc>https://api.aliyun.com/troubleshoot?q=0003-00000001</RecommendDoc>
</Error>

	at com.aliyun.oss.common.utils.ExceptionFactory.createOSSException(ExceptionFactory.java:103)
	at com.aliyun.oss.internal.OSSErrorResponseHandler.handle(OSSErrorResponseHandler.java:92)
	at com.aliyun.oss.common.comm.ServiceClient.handleResponse(ServiceClient.java:284)
	at com.aliyun.oss.common.comm.ServiceClient.sendRequestImpl(ServiceClient.java:156)
	at com.aliyun.oss.common.comm.ServiceClient.sendRequest(ServiceClient.java:85)
	at com.aliyun.oss.internal.OSSOperation.send(OSSOperation.java:134)
	at com.aliyun.oss.internal.OSSOperation.doOperation(OSSOperation.java:192)
	at com.aliyun.oss.internal.OSSOperation.doOperation(OSSOperation.java:153)
	at com.aliyun.oss.internal.OSSObjectOperation.writeObjectInternal(OSSObjectOperation.java:1173)
	at com.aliyun.oss.internal.OSSObjectOperation.putObject(OSSObjectOperation.java:107)
	at com.aliyun.oss.OSSClient.putObject(OSSClient.java:627)
	at com.cloudprice.storage.OssClient.uploadString(OssClient.java:55)
	at com.cloudprice.CloudPriceApplication.saveAdsData(CloudPriceApplication.java:312)
	at com.cloudprice.CloudPriceApplication.main(CloudPriceApplication.java:107)
2026-06-26 12:53:32 [main] INFO  com.cloudprice.storage.LocalStorage - Wrote JSON: data\ads\sku_index.json
2026-06-26 12:53:32 [main] ERROR com.cloudprice.storage.OssClient - Failed to upload to OSS: price-index-platform/ads/sku_index.json
com.aliyun.oss.OSSException: You have no right to access this object because of bucket acl.
[ErrorCode]: AccessDenied
[RequestId]: 6A3E05CFCBC3093230E9A95C
[HostId]: shiyuzhe.oss-cn-hangzhou.aliyuncs.com
[EC]: 0003-00000001
[ResponseError]:
<?xml version="1.0" encoding="UTF-8"?>
<Error>
  <Code>AccessDenied</Code>
  <Message>You have no right to access this object because of bucket acl.</Message>
  <RequestId>6A3E05CFCBC3093230E9A95C</RequestId>
  <HostId>shiyuzhe.oss-cn-hangzhou.aliyuncs.com</HostId>
  <AccessDeniedDetail>
    <PolicyType>ResourceGroupLevelIdentityBasedPolicy</PolicyType>
    <AuthPrincipalOwnerId>1964745901088314</AuthPrincipalOwnerId>
    <AuthPrincipalType>SubUser</AuthPrincipalType>
    <AuthPrincipalDisplayName>202269882449415728</AuthPrincipalDisplayName>
    <NoPermissionType>ImplicitDeny</NoPermissionType>
    <AuthAction>oss:PutObject</AuthAction>
    <EncodedDiagnosticMessage>AQIBIAAAAPW2YfHhL1QYgZgD17tTERHnzn76b9MDmf1vDvPLQlJXOpIb1t9z7T5iGP51WPaNwiCgOAuoaMBrFwq6l1X2reDxclgYDeM4SG0LlW3acOSiwsv131dkYkuxg+NyPo4way701GoideeLc8zYLi3B+Hdh/LyFphbQRjZoqgLfLUKMnkCthVYUoDUKLPEKNlyuFCSo2ad+kdk9EY8uWsuWGizZTlsyDyBD8KIP8YB7eOHVXvwM8nNmPfqs0/U2l6f54vEeKIlZSOmADNe12itPZB/fVGUzLLm5KGJtic6oO+UkC9EQ04e2w5ADUp8c6nTQ9xvrL1dtIjGWTcDJsVJx8410Y8sMtOs0i6hmzFI77tG0n/gy5XrEqcDE54sb+v3lhJxVsMbvjk2pmfAgnXNFaOxsGrM/+sOeCg0NnpE7B3bwh3/b8ayPwkjOr54YTxZx19psCYt1tq2FEJqp9CKxO6JRkhUV8mzJJ7uxoIpL4DXsWUclAMj8x3AwHs8NYlmvtYAhkNGJi6bOAc9jCmvooJyYBvvwHTOz+mX7QjUG/gRmBzFHOV9Eu2dBQZw4YpakAw1baPCAYaedig+1wSOeViewjxgaTf1K8qRzrF4cnrZMsri2OVQXxHxBzQqHbj0OQgao/4g2N4hzf8NEQXcV8fKS9/zVZ5YqnYm6rilWKEL8t1f3zRvUTOaJ8vi762IKebTqI2osTmVg3bjtUD5oUoTeZEXvOIKclbFL+LpZbJmf8tIgN9PdJwatHhsTfE+i2DwffLBlEO5teELGCvi/hqLCXw1gOdrKK/Nk1R0HC0TGkC/10n2UacVq1tB+H+VFwB3H/rX1qcYsdDUHXQ6R0IjafileBPc7UZhpoRJVPvNXPEO4eQjuFPe56lu11sQ9ctvxnk2cYES51ATarnKuvrs=</EncodedDiagnosticMessage>
  </AccessDeniedDetail>
  <EC>0003-00000001</EC>
  <RecommendDoc>https://api.aliyun.com/troubleshoot?q=0003-00000001</RecommendDoc>
</Error>

	at com.aliyun.oss.common.utils.ExceptionFactory.createOSSException(ExceptionFactory.java:103)
	at com.aliyun.oss.internal.OSSErrorResponseHandler.handle(OSSErrorResponseHandler.java:92)
	at com.aliyun.oss.common.comm.ServiceClient.handleResponse(ServiceClient.java:284)
	at com.aliyun.oss.common.comm.ServiceClient.sendRequestImpl(ServiceClient.java:156)
	at com.aliyun.oss.common.comm.ServiceClient.sendRequest(ServiceClient.java:85)
	at com.aliyun.oss.internal.OSSOperation.send(OSSOperation.java:134)
	at com.aliyun.oss.internal.OSSOperation.doOperation(OSSOperation.java:192)
	at com.aliyun.oss.internal.OSSOperation.doOperation(OSSOperation.java:153)
	at com.aliyun.oss.internal.OSSObjectOperation.writeObjectInternal(OSSObjectOperation.java:1173)
	at com.aliyun.oss.internal.OSSObjectOperation.putObject(OSSObjectOperation.java:107)
	at com.aliyun.oss.OSSClient.putObject(OSSClient.java:627)
	at com.cloudprice.storage.OssClient.uploadString(OssClient.java:55)
	at com.cloudprice.CloudPriceApplication.saveAdsData(CloudPriceApplication.java:317)
	at com.cloudprice.CloudPriceApplication.main(CloudPriceApplication.java:107)
2026-06-26 12:53:32 [main] INFO  com.cloudprice.storage.LocalStorage - Wrote JSON: data\ads\top_movers.json
2026-06-26 12:53:33 [main] ERROR com.cloudprice.storage.OssClient - Failed to upload to OSS: price-index-platform/ads/top_movers.json
com.aliyun.oss.OSSException: You have no right to access this object because of bucket acl.
[ErrorCode]: AccessDenied
[RequestId]: 6A3E05CF0FE047383063EB76
[HostId]: shiyuzhe.oss-cn-hangzhou.aliyuncs.com
[EC]: 0003-00000001
[ResponseError]:
<?xml version="1.0" encoding="UTF-8"?>
<Error>
  <Code>AccessDenied</Code>
  <Message>You have no right to access this object because of bucket acl.</Message>
  <RequestId>6A3E05CF0FE047383063EB76</RequestId>
  <HostId>shiyuzhe.oss-cn-hangzhou.aliyuncs.com</HostId>
  <AccessDeniedDetail>
    <PolicyType>ResourceGroupLevelIdentityBasedPolicy</PolicyType>
    <AuthPrincipalOwnerId>1964745901088314</AuthPrincipalOwnerId>
    <AuthPrincipalType>SubUser</AuthPrincipalType>
    <AuthPrincipalDisplayName>202269882449415728</AuthPrincipalDisplayName>
    <NoPermissionType>ImplicitDeny</NoPermissionType>
    <AuthAction>oss:PutObject</AuthAction>
    <EncodedDiagnosticMessage>AQIBIAAAAPW2YfHhL1QYgZgD17tTERHnzn76b9MDmf1vDvPLQlJXOpIb1t9z7T5iGP51WPaNwiCgOAuoaMBrFwq6l1X2reDxclgYDeM4SG0LlW3acOSiwsv131dkYkuxg+NyPo4way701GoideeLc8zYLi3B+Hdh/LyFphbQRjZoqgLfLUKMnkCthVYUoDUKLPEKNlyuFCSo2ad+kdk9EY8uWsuWGizZTlsyDyBD8KIP8YB7eOHVXvwM8nNmPfqs0/U2l6f54nlOWjhIQquEE8j3jC/QPZ53DuzZ9RAjLvumf7UP521Tbqucbl1j+93B+/6gUUZOHkaAq/f5eYvm8MXN6/CpgKVkAmaDkmIfXNDYgkPDYYVj8eqAFsMDSMrGY4GgJANGlWCs+q81QinkYbEs7YjQfjKob2o9BzjYGtqJ9ejJ/HR/DPvtLZOcULBPd+mbM8qNVFrqI3+/lQUMIOK6SbuJL7GA5vbR9uHlf6/Gkon1EsuROqzNVZcJrQQsFJPkuOibJQ/tReR6adZNH1NMN6WrWIW0v1SmudUrod1em2sRRea0dI431ZeGdzYwV7RnWpzClAXzjFcFce4FrO7oH7jzTUs9XHSSx3N6YxE1mvtYIMZqb26EMAEju47y3eSXgOQNIwssTuTVA7UKP0wSp9AkKfchxa4LWr5nR9Dqx5WWaHQvP7++jUgzSSYKG20O4V3mOqSpM8+Qj8ZEpZnGDxWDG/23jg9rk7otCmdIVW0/0MkKi0u4afp5iZZyOYzOSKK3ABp/Ft1K3Jlvlb5bmxlIWx+cCKnwqMiRYgy7NqexthfnBC5Hj0kwL3r7hXOoi5eql+SOmhw64pw8xxJ/xRbqA84olhOIvnJ8EDGnJVAMA1BYHUUC8FeejxJ4jZCKcFzzBt6hiTgYUjnfGZLa256LJDA=</EncodedDiagnosticMessage>
  </AccessDeniedDetail>
  <EC>0003-00000001</EC>
  <RecommendDoc>https://api.aliyun.com/troubleshoot?q=0003-00000001</RecommendDoc>
</Error>

	at com.aliyun.oss.common.utils.ExceptionFactory.createOSSException(ExceptionFactory.java:103)
	at com.aliyun.oss.internal.OSSErrorResponseHandler.handle(OSSErrorResponseHandler.java:92)
	at com.aliyun.oss.common.comm.ServiceClient.handleResponse(ServiceClient.java:284)
	at com.aliyun.oss.common.comm.ServiceClient.sendRequestImpl(ServiceClient.java:156)
	at com.aliyun.oss.common.comm.ServiceClient.sendRequest(ServiceClient.java:85)
	at com.aliyun.oss.internal.OSSOperation.send(OSSOperation.java:134)
	at com.aliyun.oss.internal.OSSOperation.doOperation(OSSOperation.java:192)
	at com.aliyun.oss.internal.OSSOperation.doOperation(OSSOperation.java:153)
	at com.aliyun.oss.internal.OSSObjectOperation.writeObjectInternal(OSSObjectOperation.java:1173)
	at com.aliyun.oss.internal.OSSObjectOperation.putObject(OSSObjectOperation.java:107)
	at com.aliyun.oss.OSSClient.putObject(OSSClient.java:627)
	at com.cloudprice.storage.OssClient.uploadString(OssClient.java:55)
	at com.cloudprice.CloudPriceApplication.saveAdsData(CloudPriceApplication.java:322)
	at com.cloudprice.CloudPriceApplication.main(CloudPriceApplication.java:107)
2026-06-26 12:53:33 [main] INFO  c.cloudprice.report.ReportGenerator - Generated daily report with 1 entries
2026-06-26 12:53:33 [main] INFO  com.cloudprice.storage.LocalStorage - Wrote JSON: data\ads\daily_report.json
2026-06-26 12:53:33 [main] ERROR com.cloudprice.storage.OssClient - Failed to upload to OSS: price-index-platform/ads/daily_report.json
com.aliyun.oss.OSSException: You have no right to access this object because of bucket acl.
[ErrorCode]: AccessDenied
[RequestId]: 6A3E05CF0FE0473830A8EB76
[HostId]: shiyuzhe.oss-cn-hangzhou.aliyuncs.com
[EC]: 0003-00000001
[ResponseError]:
<?xml version="1.0" encoding="UTF-8"?>
<Error>
  <Code>AccessDenied</Code>
  <Message>You have no right to access this object because of bucket acl.</Message>
  <RequestId>6A3E05CF0FE0473830A8EB76</RequestId>
  <HostId>shiyuzhe.oss-cn-hangzhou.aliyuncs.com</HostId>
  <AccessDeniedDetail>
    <PolicyType>ResourceGroupLevelIdentityBasedPolicy</PolicyType>
    <AuthPrincipalOwnerId>1964745901088314</AuthPrincipalOwnerId>
    <AuthPrincipalType>SubUser</AuthPrincipalType>
    <AuthPrincipalDisplayName>202269882449415728</AuthPrincipalDisplayName>
    <NoPermissionType>ImplicitDeny</NoPermissionType>
    <AuthAction>oss:PutObject</AuthAction>
    <EncodedDiagnosticMessage>AQIBIAAAAPW2YfHhL1QYgZgD17tTERHnzn76b9MDmf1vDvPLQlJXOpIb1t9z7T5iGP51WPaNwiCgOAuoaMBrFwq6l1X2reDxclgYDeM4SG0LlW3acOSiwsv131dkYkuxg+NyPo4way701GoideeLc8zYLi3B+Hdh/LyFphbQRjZoqgLfLUKMnkCthVYUoDUKLPEKNlyuFCSo2ad+kdk9EY8uWsuWGizZTlsyDyBD8KIP8YB7eOHVXvwM8nNmPfqs0/U2l6f54iyytyLiocT5kzlgTZabDse0D4NuQ9fl7CWgHM3+WwwuqhdHxbUUj3Lz5lcmd0rscgnUVtwxneYrYNhCWu2LpbmQDfhb+KxZlWwmWDziiCc/OwuwWqgzwJRdIdUaEL5zcImIA8ATUmuCPAdBN7BisKD0rILDNNUmog6ZID9OdPl5lIVFpoS7SdA1gXMH7s1gmfTCFGXkUvBdeCvmrV/2japdfRklwtwpI4nKXsJh+uuoNwjVTNqmz27xv4Iw02WOiX9KMcXx9LJHRWaypVJuLvc483ynjx3J9Vu49DVSvwd4xBpxUYah4ygttg+N8qrEGL1+w4ngQ+knotL2nsk0VO2/BwIVrq/xUpMLEkEfNTrHys0hTC40aYOx3aEcPSlFdZtZiAzMGJoEIf5lsqy9hH36Lrrd2DuZqDbWUC3MOOWfpG2SwBGlwxjHLK2N+rV0RUR3ZZBS6awAxAbeTqb/Xi/V2aK84G/pkX8t9yCvV9lH9JsTBhpgQelg4lT6bVZea9PXmD216aUfjWMK4E5pRTXi3t25fzFTutEmL1mtnuAKAJxrrOkp9ljvXgdsh8gjhcaY8mVyBwN9sP2XjmJzEAf+aM1bocyPnc02iRGgz+QL7XealUaBbGcJh+fT6glKgoEY3fn5GCxx0BN7FJXyH9I=</EncodedDiagnosticMessage>
  </AccessDeniedDetail>
  <EC>0003-00000001</EC>
  <RecommendDoc>https://api.aliyun.com/troubleshoot?q=0003-00000001</RecommendDoc>
</Error>

	at com.aliyun.oss.common.utils.ExceptionFactory.createOSSException(ExceptionFactory.java:103)
	at com.aliyun.oss.internal.OSSErrorResponseHandler.handle(OSSErrorResponseHandler.java:92)
	at com.aliyun.oss.common.comm.ServiceClient.handleResponse(ServiceClient.java:284)
	at com.aliyun.oss.common.comm.ServiceClient.sendRequestImpl(ServiceClient.java:156)
	at com.aliyun.oss.common.comm.ServiceClient.sendRequest(ServiceClient.java:85)
	at com.aliyun.oss.internal.OSSOperation.send(OSSOperation.java:134)
	at com.aliyun.oss.internal.OSSOperation.doOperation(OSSOperation.java:192)
	at com.aliyun.oss.internal.OSSOperation.doOperation(OSSOperation.java:153)
	at com.aliyun.oss.internal.OSSObjectOperation.writeObjectInternal(OSSObjectOperation.java:1173)
	at com.aliyun.oss.internal.OSSObjectOperation.putObject(OSSObjectOperation.java:107)
	at com.aliyun.oss.OSSClient.putObject(OSSClient.java:627)
	at com.cloudprice.storage.OssClient.uploadString(OssClient.java:55)
	at com.cloudprice.CloudPriceApplication.saveAdsData(CloudPriceApplication.java:327)
	at com.cloudprice.CloudPriceApplication.main(CloudPriceApplication.java:107)
2026-06-26 12:53:33 [main] INFO  c.cloudprice.CloudPriceApplication - Saved ADS layer: overall_index, category_index, sku_index, top_movers, daily_report
2026-06-26 12:53:33 [main] INFO  c.cloudprice.CloudPriceApplication - ========================================
2026-06-26 12:53:33 [main] INFO  c.cloudprice.CloudPriceApplication -   Cloud Price Index - Completed!
2026-06-26 12:53:33 [main] INFO  c.cloudprice.CloudPriceApplication -   ODS: 6978 raw records
2026-06-26 12:53:33 [main] INFO  c.cloudprice.CloudPriceApplication -   DWD: 6841 clean records
2026-06-26 12:53:33 [main] INFO  c.cloudprice.CloudPriceApplication -   DWS: 2000 sku, 8 category, 1 overall summaries
2026-06-26 12:53:33 [main] INFO  c.cloudprice.CloudPriceApplication -   ADS: 1 overall indices, 8 category indices, 2000 sku indices
2026-06-26 12:53:33 [main] INFO  c.cloudprice.CloudPriceApplication - ========================================
2026-06-26 12:53:33 [main] INFO  com.cloudprice.storage.OssClient - OSS client shut down
2026-06-26 12:54:39 [main] INFO  com.cloudprice.util.LoggerConfig - Logger initialized
2026-06-26 12:54:39 [main] INFO  c.cloudprice.CloudPriceApplication - ========================================
2026-06-26 12:54:39 [main] INFO  c.cloudprice.CloudPriceApplication -   Cloud Price Index - Starting...
2026-06-26 12:54:39 [main] INFO  c.cloudprice.CloudPriceApplication - ========================================
2026-06-26 12:54:39 [main] INFO  c.cloudprice.CloudPriceApplication - Config loaded: project=cloud-price-index, skuCount=2000, dirtyRate=0.02
2026-06-26 12:54:39 [main] INFO  c.cloudprice.CloudPriceApplication - Date range: 2026-06-01 to 2026-06-01
2026-06-26 12:54:40 [main] INFO  com.cloudprice.storage.OssClient - OSS client initialized (endpoint: oss-cn-hangzhou.aliyuncs.com, bucket: shiyuzhe)
2026-06-26 12:54:40 [main] INFO  c.cloudprice.CloudPriceApplication - --- ODS Layer: Generating raw data ---
2026-06-26 12:54:40 [main] INFO  c.c.ingestion.MockDataGenerator - Injected 139 dirty records (rate=0.02)
2026-06-26 12:54:40 [main] INFO  c.c.ingestion.MockDataGenerator - Generated 7010 raw records from 2026-06-01 to 2026-06-01
2026-06-26 12:54:40 [main] INFO  com.cloudprice.storage.LocalStorage - Wrote CSV: data\ods\product_price_raw.csv (7011 lines)
2026-06-26 12:54:40 [main] INFO  com.cloudprice.storage.OssClient - Uploaded to OSS: shiyuzhe/price-index-platform/ods/dt=2026-06-01/product_price_raw.csv
2026-06-26 12:54:40 [main] INFO  c.cloudprice.CloudPriceApplication - Saved 7010 raw records to ODS layer
2026-06-26 12:54:40 [main] INFO  c.cloudprice.CloudPriceApplication - --- DWD Layer: Cleaning data ---
2026-06-26 12:54:40 [main] INFO  com.cloudprice.compute.DataCleaner - Cleaning complete: 7010 raw -> 6875 clean (removed 135)
2026-06-26 12:54:40 [main] INFO  com.cloudprice.storage.LocalStorage - Wrote CSV: data\dwd\product_price_clean.csv (6876 lines)
2026-06-26 12:54:40 [main] INFO  com.cloudprice.storage.OssClient - Uploaded to OSS: shiyuzhe/price-index-platform/dwd/dt=2026-06-01/product_price_clean.csv
2026-06-26 12:54:40 [main] INFO  c.cloudprice.CloudPriceApplication - Saved 6875 clean records to DWD layer
2026-06-26 12:54:40 [main] INFO  c.cloudprice.CloudPriceApplication - --- DWS Layer: Aggregating data ---
2026-06-26 12:54:41 [main] INFO  c.cloudprice.compute.DataAggregator - Aggregation complete: 2000 sku summaries, 8 category summaries, 1 overall summaries
2026-06-26 12:54:41 [main] INFO  com.cloudprice.storage.LocalStorage - Wrote CSV: data\dws\sku_daily_summary.csv (2001 lines)
2026-06-26 12:54:41 [main] INFO  com.cloudprice.storage.OssClient - Uploaded to OSS: shiyuzhe/price-index-platform/dws/sku_daily_summary.csv
2026-06-26 12:54:41 [main] INFO  c.cloudprice.CloudPriceApplication - Saved 2000 SKU summaries
2026-06-26 12:54:41 [main] INFO  com.cloudprice.storage.LocalStorage - Wrote CSV: data\dws\category_daily_summary.csv (9 lines)
2026-06-26 12:54:41 [main] INFO  com.cloudprice.storage.OssClient - Uploaded to OSS: shiyuzhe/price-index-platform/dws/category_daily_summary.csv
2026-06-26 12:54:41 [main] INFO  c.cloudprice.CloudPriceApplication - Saved 8 category summaries
2026-06-26 12:54:41 [main] INFO  com.cloudprice.storage.LocalStorage - Wrote CSV: data\dws\overall_daily_summary.csv (2 lines)
2026-06-26 12:54:41 [main] INFO  com.cloudprice.storage.OssClient - Uploaded to OSS: shiyuzhe/price-index-platform/dws/overall_daily_summary.csv
2026-06-26 12:54:41 [main] INFO  c.cloudprice.CloudPriceApplication - Saved 1 overall summaries
2026-06-26 12:54:41 [main] INFO  c.cloudprice.CloudPriceApplication - --- ADS Layer: Computing price indices ---
2026-06-26 12:54:41 [main] INFO  c.cloudprice.compute.IndexComputer - Index computation complete: 1 overall, 8 category, 2000 sku indices, 20 top movers
2026-06-26 12:54:41 [main] INFO  com.cloudprice.storage.LocalStorage - Wrote JSON: data\ads\overall_index.json
2026-06-26 12:54:41 [main] INFO  com.cloudprice.storage.OssClient - Uploaded to OSS: shiyuzhe/price-index-platform/ads/overall_index.json
2026-06-26 12:54:41 [main] INFO  com.cloudprice.storage.LocalStorage - Wrote JSON: data\ads\category_index.json
2026-06-26 12:54:41 [main] INFO  com.cloudprice.storage.OssClient - Uploaded to OSS: shiyuzhe/price-index-platform/ads/category_index.json
2026-06-26 12:54:41 [main] INFO  com.cloudprice.storage.LocalStorage - Wrote JSON: data\ads\sku_index.json
2026-06-26 12:54:41 [main] INFO  com.cloudprice.storage.OssClient - Uploaded to OSS: shiyuzhe/price-index-platform/ads/sku_index.json
2026-06-26 12:54:41 [main] INFO  com.cloudprice.storage.LocalStorage - Wrote JSON: data\ads\top_movers.json
2026-06-26 12:54:41 [main] INFO  com.cloudprice.storage.OssClient - Uploaded to OSS: shiyuzhe/price-index-platform/ads/top_movers.json
2026-06-26 12:54:41 [main] INFO  c.cloudprice.report.ReportGenerator - Generated daily report with 1 entries
2026-06-26 12:54:41 [main] INFO  com.cloudprice.storage.LocalStorage - Wrote JSON: data\ads\daily_report.json
2026-06-26 12:54:41 [main] INFO  com.cloudprice.storage.OssClient - Uploaded to OSS: shiyuzhe/price-index-platform/ads/daily_report.json
2026-06-26 12:54:41 [main] INFO  c.cloudprice.CloudPriceApplication - Saved ADS layer: overall_index, category_index, sku_index, top_movers, daily_report
2026-06-26 12:54:41 [main] INFO  c.cloudprice.CloudPriceApplication - ========================================
2026-06-26 12:54:41 [main] INFO  c.cloudprice.CloudPriceApplication -   Cloud Price Index - Completed!
2026-06-26 12:54:41 [main] INFO  c.cloudprice.CloudPriceApplication -   ODS: 7010 raw records
2026-06-26 12:54:41 [main] INFO  c.cloudprice.CloudPriceApplication -   DWD: 6875 clean records
2026-06-26 12:54:41 [main] INFO  c.cloudprice.CloudPriceApplication -   DWS: 2000 sku, 8 category, 1 overall summaries
2026-06-26 12:54:41 [main] INFO  c.cloudprice.CloudPriceApplication -   ADS: 1 overall indices, 8 category indices, 2000 sku indices
2026-06-26 12:54:41 [main] INFO  c.cloudprice.CloudPriceApplication - ========================================
2026-06-26 12:54:41 [main] INFO  com.cloudprice.storage.OssClient - OSS client shut down
2026-06-26 13:16:14 [INFO] cloud_price_index - ========================================
2026-06-26 13:16:14 [INFO] cloud_price_index -   Cloud Price Index - Starting...
2026-06-26 13:16:14 [INFO] cloud_price_index - ========================================
2026-06-26 13:16:14 [INFO] cloud_price_index - Config loaded: project=cloud-price-index, skuCount=2000, dirtyRate=0.02
2026-06-26 13:16:14 [INFO] cloud_price_index - Date range: 2026-06-01 to 2026-06-01
2026-06-26 13:16:15 [INFO] cloud_price_index - --- ODS Layer: Generating raw data ---
2026-06-26 13:16:16 [INFO] cloud_price_index - --- DWD Layer: Cleaning data ---
2026-06-26 13:16:16 [INFO] cloud_price_index - --- DWS Layer: Aggregating data ---
2026-06-26 13:16:16 [INFO] cloud_price_index - --- ADS Layer: Computing price indices ---
2026-06-26 13:16:16 [INFO] cloud_price_index - ========================================
2026-06-26 13:16:16 [INFO] cloud_price_index -   Cloud Price Index - Completed!
2026-06-26 13:16:16 [INFO] cloud_price_index -   ODS: 7054 raw records
2026-06-26 13:16:16 [INFO] cloud_price_index -   DWD: 6924 clean records
2026-06-26 13:16:16 [INFO] cloud_price_index -   DWS: 2000 sku, 8 category, 1 overall summaries
2026-06-26 13:16:16 [INFO] cloud_price_index -   ADS: 1 overall, 8 category, 2000 sku indices
2026-06-26 13:16:16 [INFO] cloud_price_index - ========================================
2026-06-26 13:17:13 [INFO] cloud_price_index - ========================================
2026-06-26 13:17:13 [INFO] cloud_price_index -   Cloud Price Index - Starting...
2026-06-26 13:17:13 [INFO] cloud_price_index - ========================================
2026-06-26 13:17:13 [INFO] cloud_price_index - Config loaded: project=cloud-price-index, skuCount=2000, dirtyRate=0.02
2026-06-26 13:17:14 [INFO] cloud_price_index - Date range: 2026-06-01 to 2026-06-01
2026-06-26 13:17:14 [INFO] cloud_price_index - --- ODS Layer: Generating raw data ---
2026-06-26 13:17:14 [INFO] cloud_price_index - --- DWD Layer: Cleaning data ---
2026-06-26 13:17:14 [INFO] cloud_price_index - --- DWS Layer: Aggregating data ---
2026-06-26 13:17:14 [INFO] cloud_price_index - --- ADS Layer: Computing price indices ---
2026-06-26 13:17:14 [INFO] cloud_price_index - ========================================
2026-06-26 13:17:14 [INFO] cloud_price_index -   Cloud Price Index - Completed!
2026-06-26 13:17:14 [INFO] cloud_price_index -   ODS: 7023 raw records
2026-06-26 13:17:14 [INFO] cloud_price_index -   DWD: 6886 clean records
2026-06-26 13:17:14 [INFO] cloud_price_index -   DWS: 2000 sku, 8 category, 1 overall summaries
2026-06-26 13:17:14 [INFO] cloud_price_index -   ADS: 1 overall, 8 category, 2000 sku indices
2026-06-26 13:17:14 [INFO] cloud_price_index - ========================================
2026-06-26 13:21:10 [INFO] cloud_price_index - ========================================
2026-06-26 13:21:10 [INFO] cloud_price_index -   Cloud Price Index - Starting...
2026-06-26 13:21:10 [INFO] cloud_price_index - ========================================
2026-06-26 13:21:10 [INFO] cloud_price_index - Config loaded: project=cloud-price-index, skuCount=2000, dirtyRate=0.02
2026-06-26 13:21:10 [INFO] cloud_price_index - Date range: 2026-06-01 to 2026-06-01
2026-06-26 13:21:10 [INFO] src.storage.oss_client - OSS is disabled, data will be saved locally only
2026-06-26 13:21:10 [INFO] cloud_price_index - --- ODS Layer: Generating raw data ---
2026-06-26 13:21:10 [INFO] src.ingestion.mock_data_generator - Injected 140 dirty records (rate=0.02)
2026-06-26 13:21:10 [INFO] src.ingestion.mock_data_generator - Generated 7059 raw records from 2026-06-01 to 2026-06-01
2026-06-26 13:21:10 [INFO] src.storage.local_storage - Wrote CSV: data\ods\product_price_raw.csv (7060 rows)
2026-06-26 13:21:10 [INFO] __main__ - Saved 7059 raw records to ODS layer
2026-06-26 13:21:10 [INFO] cloud_price_index - --- DWD Layer: Cleaning data ---
2026-06-26 13:21:10 [INFO] src.compute.data_cleaner - Cleaning complete: 7059 raw -> 6923 clean (removed 136)
2026-06-26 13:21:10 [INFO] src.storage.local_storage - Wrote CSV: data\dwd\product_price_clean.csv (6924 rows)
2026-06-26 13:21:10 [INFO] __main__ - Saved 6923 clean records to DWD layer
2026-06-26 13:21:10 [INFO] cloud_price_index - --- DWS Layer: Aggregating data ---
2026-06-26 13:21:10 [INFO] src.compute.data_aggregator - Aggregation complete: 2000 sku, 8 category, 1 overall summaries
2026-06-26 13:21:10 [INFO] src.storage.local_storage - Wrote CSV: data\dws\sku_daily_summary.csv (2001 rows)
2026-06-26 13:21:10 [INFO] __main__ - Saved 2000 SKU summaries
2026-06-26 13:21:10 [INFO] src.storage.local_storage - Wrote CSV: data\dws\category_daily_summary.csv (9 rows)
2026-06-26 13:21:10 [INFO] __main__ - Saved 8 category summaries
2026-06-26 13:21:10 [INFO] src.storage.local_storage - Wrote CSV: data\dws\overall_daily_summary.csv (2 rows)
2026-06-26 13:21:10 [INFO] __main__ - Saved 1 overall summaries
2026-06-26 13:21:10 [INFO] cloud_price_index - --- ADS Layer: Computing price indices ---
2026-06-26 13:21:10 [INFO] src.compute.index_computer - Index computation complete: 1 overall, 8 category, 2000 sku indices, 20 top movers
2026-06-26 13:21:10 [INFO] src.storage.local_storage - Wrote JSON: data\ads\overall_index.json
2026-06-26 13:21:10 [INFO] src.storage.local_storage - Wrote JSON: data\ads\category_index.json
2026-06-26 13:21:10 [INFO] src.storage.local_storage - Wrote JSON: data\ads\sku_index.json
2026-06-26 13:21:10 [INFO] src.storage.local_storage - Wrote JSON: data\ads\top_movers.json
2026-06-26 13:21:10 [INFO] src.report.report_generator - Generated daily report with 1 entries
2026-06-26 13:21:10 [INFO] src.storage.local_storage - Wrote JSON: data\ads\daily_report.json
2026-06-26 13:21:10 [INFO] __main__ - Saved ADS layer: overall_index, category_index, sku_index, top_movers, daily_report
2026-06-26 13:21:10 [INFO] cloud_price_index - ========================================
2026-06-26 13:21:10 [INFO] cloud_price_index -   Cloud Price Index - Completed!
2026-06-26 13:21:10 [INFO] cloud_price_index -   ODS: 7059 raw records
2026-06-26 13:21:10 [INFO] cloud_price_index -   DWD: 6923 clean records
2026-06-26 13:21:10 [INFO] cloud_price_index -   DWS: 2000 sku, 8 category, 1 overall summaries
2026-06-26 13:21:10 [INFO] cloud_price_index -   ADS: 1 overall, 8 category, 2000 sku indices
2026-06-26 13:21:10 [INFO] cloud_price_index - ========================================
